#
# There is insufficient memory for the Java Runtime Environment to continue.
# Native memory allocation (malloc) failed to allocate 480720 bytes for Chunk::new
# Possible reasons:
#   The system is out of physical RAM or swap space
#   In 32 bit mode, the process size limit was hit
# Possible solutions:
#   Reduce memory load on the system
#   Increase physical memory or swap space
#   Check if swap backing store is full
#   Use 64 bit Java on a 64 bit OS
#   Decrease Java heap size (-Xmx/-Xms)
#   Decrease number of Java threads
#   Decrease Java thread stack sizes (-Xss)
#   Set larger code cache with -XX:ReservedCodeCacheSize=
# This output file may be truncated or incomplete.
#
#  Out of Memory Error (allocation.cpp:390), pid=9996, tid=0x0000000000000020
#
# JRE version: OpenJDK Runtime Environment (8.0_152-b01) (build 1.8.0_152-release-915-b01)
# Java VM: OpenJDK 64-Bit Server VM (25.152-b01 mixed mode windows-amd64 compressed oops)
# Failed to write core dump. Minidumps are not enabled by default on client versions of Windows
#

---------------  T H R E A D  ---------------

Current thread (0x0000000018f2e800):  JavaThread "C2 CompilerThread0" daemon [_thread_in_native, id=32, stack(0x00000000197f0000,0x00000000198f0000)]

Stack: [0x00000000197f0000,0x00000000198f0000]
[error occurred during error reporting (printing stack bounds), id 0xc0000005]

Native frames: (J=compiled Java code, j=interpreted, Vv=VM code, C=native code)


Current CompileTask:
C2:   1381 1168   !   4       com.android.dx.cf.code.BytecodeArray::parseInstruction (2764 bytes)


---------------  P R O C E S S  ---------------

Java Threads: ( => current thread )
  0x0000000019105000 JavaThread "pool-1-thread-4" [_thread_in_vm, id=14192, stack(0x000000001a1f0000,0x000000001a2f0000)]
  0x0000000019102000 JavaThread "pool-1-thread-3" [_thread_in_Java, id=12340, stack(0x000000001a0f0000,0x000000001a1f0000)]
  0x00000000190fb800 JavaThread "pool-2-thread-1" [_thread_blocked, id=8336, stack(0x0000000019ef0000,0x0000000019ff0000)]
  0x0000000018f96800 JavaThread "Service Thread" daemon [_thread_blocked, id=15404, stack(0x0000000019bf0000,0x0000000019cf0000)]
  0x000000001702e000 JavaThread "C1 CompilerThread3" daemon [_thread_blocked, id=22624, stack(0x0000000019af0000,0x0000000019bf0000)]
  0x0000000018f35800 JavaThread "C2 CompilerThread2" daemon [_thread_in_native, id=17244, stack(0x00000000199f0000,0x0000000019af0000)]
  0x0000000018f30800 JavaThread "C2 CompilerThread1" daemon [_thread_in_native, id=12604, stack(0x00000000198f0000,0x00000000199f0000)]
=>0x0000000018f2e800 JavaThread "C2 CompilerThread0" daemon [_thread_in_native, id=32, stack(0x00000000197f0000,0x00000000198f0000)]
  0x0000000018f2d000 JavaThread "Attach Listener" daemon [_thread_blocked, id=15848, stack(0x00000000196f0000,0x00000000197f0000)]
  0x0000000018f2a000 JavaThread "Signal Dispatcher" daemon [_thread_blocked, id=2092, stack(0x00000000195f0000,0x00000000196f0000)]
  0x0000000018f20800 JavaThread "Finalizer" daemon [_thread_blocked, id=16952, stack(0x0000000019300000,0x0000000019400000)]
  0x000000001701b000 JavaThread "Reference Handler" daemon [_thread_blocked, id=92, stack(0x0000000018e00000,0x0000000018f00000)]
  0x00000000043fe800 JavaThread "main" [_thread_blocked, id=10948, stack(0x00000000042c0000,0x00000000043c0000)]

Other Threads:
  0x0000000017015800 VMThread [stack: 0x0000000018d00000,0x0000000018e00000] [id=19544]
  0x0000000018f97000 WatcherThread [stack: 0x0000000019cf0000,0x0000000019df0000] [id=8160]

VM state:not at safepoint (normal execution)

VM Mutex/Monitor currently owned by a thread: None

Heap:
 PSYoungGen      total 75776K, used 33814K [0x00000000eab00000, 0x00000000eff80000, 0x0000000100000000)
  eden space 65024K, 52% used [0x00000000eab00000,0x00000000ecc058f8,0x00000000eea80000)
  from space 10752K, 0% used [0x00000000ef500000,0x00000000ef500000,0x00000000eff80000)
  to   space 10752K, 0% used [0x00000000eea80000,0x00000000eea80000,0x00000000ef500000)
 ParOldGen       total 173568K, used 0K [0x00000000c0000000, 0x00000000ca980000, 0x00000000eab00000)
  object space 173568K, 0% used [0x00000000c0000000,0x00000000c0000000,0x00000000ca980000)
 Metaspace       used 5958K, capacity 6896K, committed 7040K, reserved 1056768K
  class space    used 584K, capacity 616K, committed 640K, reserved 1048576K

Card table byte_map: [0x00000000138c0000,0x0000000013ad0000] byte_map_base: 0x00000000132c0000

Marking Bits: (ParMarkBitMap*) 0x0000000055163950
 Begin Bits: [0x0000000014430000, 0x0000000015430000)
 End Bits:   [0x0000000015430000, 0x0000000016430000)

Polling page: 0x00000000028d0000

CodeCache: size=245760Kb used=4978Kb max_used=4988Kb free=240781Kb
 bounds [0x0000000004500000, 0x00000000049f0000, 0x0000000013500000]
 total_blobs=1487 nmethods=1219 adapters=182
 compilation: enabled

Compilation events (10 events):
Event: 1.348 Thread 0x0000000018f35800 1172       4       com.android.dx.rop.code.RegisterSpec::make (7 bytes)
Event: 1.349 Thread 0x0000000018f35800 nmethod 1172 0x00000000049bff50 code [0x00000000049c00a0, 0x00000000049c0108]
Event: 1.350 Thread 0x0000000018f35800 1206       4       com.android.dx.rop.cst.Constant::compareTo (33 bytes)
Event: 1.351 Thread 0x0000000018f35800 nmethod 1206 0x00000000049ccfd0 code [0x00000000049cd120, 0x00000000049cd358]
Event: 1.351 Thread 0x0000000018f35800 1207       4       com.android.dx.rop.code.RegisterSpecSet::equals (106 bytes)
Event: 1.356 Thread 0x0000000018f30800 nmethod 1170 0x00000000049d9010 code [0x00000000049d9180, 0x00000000049d97c8]
Event: 1.359 Thread 0x0000000018f35800 nmethod 1207 0x00000000049d0350 code [0x00000000049d04a0, 0x00000000049d08d8]
Event: 1.359 Thread 0x000000001702e000 1208       3       com.android.dx.rop.code.LocalVariableExtractor::doit (49 bytes)
Event: 1.359 Thread 0x0000000018f30800 1210       4       java.util.Arrays::hashCode (56 bytes)
Event: 1.359 Thread 0x0000000018f35800 1211       4       com.android.dx.dex.code.OutputFinisher::updateInfo (44 bytes)

GC Heap History (0 events):
No events

Deoptimization events (10 events):
Event: 1.083 Thread 0x0000000019105000 Uncommon trap: reason=class_check action=maybe_recompile pc=0x000000000488b58c method=com.android.dx.ssa.NormalSsaInsn.accept(Lcom/android/dx/ssa/SsaInsn$Visitor;)V @ 9
Event: 1.083 Thread 0x0000000019105000 Uncommon trap: reason=class_check action=maybe_recompile pc=0x000000000488b58c method=com.android.dx.ssa.NormalSsaInsn.accept(Lcom/android/dx/ssa/SsaInsn$Visitor;)V @ 9
Event: 1.083 Thread 0x0000000019105000 Uncommon trap: reason=class_check action=maybe_recompile pc=0x00000000046f6e30 method=com.android.dx.ssa.NormalSsaInsn.accept(Lcom/android/dx/ssa/SsaInsn$Visitor;)V @ 9
Event: 1.095 Thread 0x0000000019105000 Uncommon trap: reason=bimorphic action=maybe_recompile pc=0x00000000046ec268 method=java.util.HashMap.getNode(ILjava/lang/Object;)Ljava/util/HashMap$Node; @ 126
Event: 1.116 Thread 0x0000000019105000 Uncommon trap: reason=bimorphic action=maybe_recompile pc=0x00000000048d52a0 method=com.android.dx.ssa.NormalSsaInsn.accept(Lcom/android/dx/ssa/SsaInsn$Visitor;)V @ 9
Event: 1.116 Thread 0x0000000019105000 Uncommon trap: reason=bimorphic action=maybe_recompile pc=0x00000000048d52a0 method=com.android.dx.ssa.NormalSsaInsn.accept(Lcom/android/dx/ssa/SsaInsn$Visitor;)V @ 9
Event: 1.116 Thread 0x0000000019105000 Uncommon trap: reason=bimorphic action=maybe_recompile pc=0x00000000048d52a0 method=com.android.dx.ssa.NormalSsaInsn.accept(Lcom/android/dx/ssa/SsaInsn$Visitor;)V @ 9
Event: 1.116 Thread 0x0000000019105000 Uncommon trap: reason=bimorphic action=maybe_recompile pc=0x00000000048d52a0 method=com.android.dx.ssa.NormalSsaInsn.accept(Lcom/android/dx/ssa/SsaInsn$Visitor;)V @ 9
Event: 1.243 Thread 0x0000000019105000 Uncommon trap: reason=bimorphic action=maybe_recompile pc=0x00000000048eedf4 method=com.android.dx.ssa.NormalSsaInsn.accept(Lcom/android/dx/ssa/SsaInsn$Visitor;)V @ 9
Event: 1.292 Thread 0x0000000019101000 Uncommon trap: reason=null_check action=make_not_entrant pc=0x00000000047ba9a8 method=com.android.dx.rop.type.Type.equals(Ljava/lang/Object;)Z @ 8

Classes redefined (0 events):
No events

Internal exceptions (4 events):
Event: 0.294 Thread 0x00000000043fe800 Exception <a 'java/lang/NoSuchMethodError': Method sun.misc.Unsafe.defineClass(Ljava/lang/String;[BII)Ljava/lang/Class; name or signature does not match> (0x00000000eab07ca8) thrown at [D:\src\AOSP-openjdk-cygwin\jdk8u\hotspot\src\share\vm\prims\jni.cpp, 
Event: 0.294 Thread 0x00000000043fe800 Exception <a 'java/lang/NoSuchMethodError': Method sun.misc.Unsafe.prefetchRead(Ljava/lang/Object;J)V name or signature does not match> (0x00000000eab07f90) thrown at [D:\src\AOSP-openjdk-cygwin\jdk8u\hotspot\src\share\vm\prims\jni.cpp, line 4011]
Event: 1.017 Thread 0x00000000190f9000 Implicit null exception at 0x000000000482e563 to 0x0000000004831775
Event: 1.292 Thread 0x0000000019101000 Implicit null exception at 0x00000000047ba8a2 to 0x00000000047ba99a

Events (10 events):
Event: 1.292 Thread 0x0000000019101000 Uncommon trap: trap_request=0xfffffff4 fr.pc=0x00000000047ba9a8
Event: 1.292 Thread 0x0000000019101000 DEOPT PACKING pc=0x00000000047ba9a8 sp=0x000000001a0ee890
Event: 1.292 Thread 0x0000000019101000 DEOPT UNPACKING pc=0x000000000454556a sp=0x000000001a0ee818 mode 2
Event: 1.307 loading class java/util/HashMap$KeySet
Event: 1.307 loading class java/util/HashMap$KeySet done
Event: 1.307 loading class java/util/HashMap$KeyIterator
Event: 1.307 loading class java/util/HashMap$KeyIterator done
Event: 1.314 Thread 0x0000000019101000 Thread exited: 0x0000000019101000
Event: 1.325 loading class com/android/dx/cf/code/BytecodeArray$ConstantParserVisitor
Event: 1.325 loading class com/android/dx/cf/code/BytecodeArray$ConstantParserVisitor done


Dynamic libraries:
0x00007ff716210000 - 0x00007ff716241000 	F:\Android\AndroidStudio\AndroidStudio\StudioInstall\jre\bin\java.exe
0x00007ffca7150000 - 0x00007ffca7330000 	C:\WINDOWS\SYSTEM32\ntdll.dll
0x00007ffca4620000 - 0x00007ffca46ce000 	C:\WINDOWS\System32\KERNEL32.DLL
0x00007ffca3eb0000 - 0x00007ffca4116000 	C:\WINDOWS\System32\KERNELBASE.dll
0x00007ffca6ca0000 - 0x00007ffca6d41000 	C:\WINDOWS\System32\ADVAPI32.dll
0x00007ffca4f30000 - 0x00007ffca4fcd000 	C:\WINDOWS\System32\msvcrt.dll
0x00007ffca6410000 - 0x00007ffca646b000 	C:\WINDOWS\System32\sechost.dll
0x00007ffca4af0000 - 0x00007ffca4c0f000 	C:\WINDOWS\System32\RPCRT4.dll
0x00007ffca47c0000 - 0x00007ffca494f000 	C:\WINDOWS\System32\USER32.dll
0x00007ffca4310000 - 0x00007ffca4330000 	C:\WINDOWS\System32\win32u.dll
0x00007ffca46d0000 - 0x00007ffca46f8000 	C:\WINDOWS\System32\GDI32.dll
0x00007ffca4120000 - 0x00007ffca42b3000 	C:\WINDOWS\System32\gdi32full.dll
0x00007ffca4580000 - 0x00007ffca461b000 	C:\WINDOWS\System32\msvcp_win.dll
0x00007ffca3db0000 - 0x00007ffca3ea6000 	C:\WINDOWS\System32\ucrtbase.dll
0x00007ffc98f20000 - 0x00007ffc99189000 	C:\WINDOWS\WinSxS\amd64_microsoft.windows.common-controls_6595b64144ccf1df_6.0.16299.248_none_15ced204935f55d7\COMCTL32.dll
0x00007ffca6920000 - 0x00007ffca6c28000 	C:\WINDOWS\System32\combase.dll
0x00007ffca4330000 - 0x00007ffca43a2000 	C:\WINDOWS\System32\bcryptPrimitives.dll
0x00007ffca4950000 - 0x00007ffca497d000 	C:\WINDOWS\System32\IMM32.DLL
0x00000000568d0000 - 0x00000000569a2000 	F:\Android\AndroidStudio\AndroidStudio\StudioInstall\jre\jre\bin\msvcr100.dll
0x00000000549a0000 - 0x00000000551de000 	F:\Android\AndroidStudio\AndroidStudio\StudioInstall\jre\jre\bin\server\jvm.dll
0x00007ffca47b0000 - 0x00007ffca47b8000 	C:\WINDOWS\System32\PSAPI.DLL
0x00007ffc9d1d0000 - 0x00007ffc9d1d9000 	C:\WINDOWS\SYSTEM32\WSOCK32.dll
0x00007ffca6c30000 - 0x00007ffca6c9c000 	C:\WINDOWS\System32\WS2_32.dll
0x00007ffca0540000 - 0x00007ffca0563000 	C:\WINDOWS\SYSTEM32\WINMM.dll
0x00007ffc9b220000 - 0x00007ffc9b22a000 	C:\WINDOWS\SYSTEM32\VERSION.dll
0x00007ffca0510000 - 0x00007ffca053a000 	C:\WINDOWS\SYSTEM32\WINMMBASE.dll
0x00007ffca42c0000 - 0x00007ffca430a000 	C:\WINDOWS\System32\cfgmgr32.dll
0x00007ffc93e80000 - 0x00007ffc93e8f000 	F:\Android\AndroidStudio\AndroidStudio\StudioInstall\jre\jre\bin\verify.dll
0x00007ffc86350000 - 0x00007ffc86379000 	F:\Android\AndroidStudio\AndroidStudio\StudioInstall\jre\jre\bin\java.dll
0x00007ffc91db0000 - 0x00007ffc91dc6000 	F:\Android\AndroidStudio\AndroidStudio\StudioInstall\jre\jre\bin\zip.dll
0x00007ffca4fd0000 - 0x00007ffca6406000 	C:\WINDOWS\System32\SHELL32.dll
0x00007ffca4700000 - 0x00007ffca47a6000 	C:\WINDOWS\System32\shcore.dll
0x00007ffca3660000 - 0x00007ffca3da7000 	C:\WINDOWS\System32\windows.storage.dll
0x00007ffca6ef0000 - 0x00007ffca6f41000 	C:\WINDOWS\System32\shlwapi.dll
0x00007ffca34f0000 - 0x00007ffca3501000 	C:\WINDOWS\System32\kernel.appcore.dll
0x00007ffca34a0000 - 0x00007ffca34ec000 	C:\WINDOWS\System32\powrprof.dll
0x00007ffca3510000 - 0x00007ffca352b000 	C:\WINDOWS\System32\profapi.dll

VM Arguments:
jvm_args: -Djava.awt.headless=true -Xmx1024M -Dfile.encoding=windows-1252 -Duser.country=US -Duser.language=en -Duser.variant 
java_command: com.android.dx.command.Main --dex --num-threads=4 --output F:\Mobilework\ReactNative\SimpleGeolocation\android\app\build\intermediates\pre-dexed\debug\com.facebook.soloader-soloader-0.1.0_e45bc1d9fdb91e48c1a1ea5f5e3e82ac99b9803d.jar F:\Mobilework\ReactNative\SimpleGeolocation\android\app\build\intermediates\exploded-aar\com.facebook.soloader\soloader\0.1.0\jars\classes.jar
java_class_path (initial): F:\Android\AndroidStudio\AndroidStudio\StudioSDK\build-tools\23.0.1\lib\dx.jar
Launcher Type: SUN_STANDARD

Environment Variables:
JAVA_HOME=C:\Program Files\Java\jdk1.8.0_45
PATH=C:\ProgramData\Oracle\Java\javapath;C:\WINDOWS\system32;C:\WINDOWS;C:\WINDOWS\System32\Wbem;C:\WINDOWS\System32\WindowsPowerShell\v1.0\;C:\Program Files\Java\jdk1.8.0_45\bin;C:\Program Files\Git\cmd;C:\xampp\php;F:\Android\android-ndk-r14\bin;F:\Android\AndroidStudio\AndroidStudio\StudioInstall\gradle\gradle-3.2\bin;C:\Program Files\nodejs\;C:\Python27;C:\ProgramData\ComposerSetup\bin;D:\Xampps\xampp_7.1.11\php;F:\Android\Gradle\gradle-3.5\bin;C:\Program Files (x86)\GtkSharp\2.12\bin;C:\Program Files (x86)\Skype\Phone\;C:\Python27\Scripts;D:\GO\bin;C:\Program Files (x86)\Google\Cloud SDK\google-cloud-sdk\bin;F:\Mobilework\android\cocos2d-x-3.15.1\templates;F:\Mobilework\android\cocos2d-x-3.15.1\tools\cocos2d-console\bin;C:\Users\ASUS\AppData\Local\Microsoft\WindowsApps;C:\Users\ASUS\AppData\Roaming\npm;C:\Program Files\Microsoft VS Code\bin;C:\Users\ASUS\AppData\Roaming\Composer\vendor\bin;C:\Users\ASUS\AppData\Local\GitHubDesktop\bin;D:\GO\bin;
USERNAME=ASUS
OS=Windows_NT
PROCESSOR_IDENTIFIER=Intel64 Family 6 Model 94 Stepping 3, GenuineIntel



---------------  S Y S T E M  ---------------

OS: Windows 10.0 , 64 bit Build 16299 (10.0.16299.15)

CPU:total 8 (initial active 8) (4 cores per cpu, 2 threads per core) family 6 model 94 stepping 3, cmov, cx8, fxsr, mmx, sse, sse2, sse3, ssse3, sse4.1, sse4.2, popcnt, avx, avx2, aes, clmul, erms, rtm, 3dnowpref, lzcnt, ht, tsc, tscinvbit, bmi1, bmi2, adx

Memory: 4k page, physical 16639644k(444084k free), swap 27167672k(2400k free)

vm_info: OpenJDK 64-Bit Server VM (25.152-b01) for windows-amd64 JRE (1.8.0_152-release-915-b01), built by "builder" with MS VC++ 10.0 (VS2010)

time: Tue Mar 06 05:20:33 2018
elapsed time: 1 seconds (0d 0h 0m 1s)

