#
# There is insufficient memory for the Java Runtime Environment to continue.
# Native memory allocation (malloc) failed to allocate 228016 bytes for Chunk::new
# Possible reasons:
#   The system is out of physical RAM or swap space
#   In 32 bit mode, the process size limit was hit
# Possible solutions:
#   Reduce memory load on the system
#   Increase physical memory or swap space
#   Check if swap backing store is full
#   Use 64 bit Java on a 64 bit OS
#   Decrease Java heap size (-Xmx/-Xms)
#   Decrease number of Java threads
#   Decrease Java thread stack sizes (-Xss)
#   Set larger code cache with -XX:ReservedCodeCacheSize=
# This output file may be truncated or incomplete.
#
#  Out of Memory Error (allocation.cpp:390), pid=17388, tid=0x0000000000004c0c
#
# JRE version: OpenJDK Runtime Environment (8.0_152-b01) (build 1.8.0_152-release-915-b01)
# Java VM: OpenJDK 64-Bit Server VM (25.152-b01 mixed mode windows-amd64 compressed oops)
# Failed to write core dump. Minidumps are not enabled by default on client versions of Windows
#

---------------  T H R E A D  ---------------

Current thread (0x0000000019946800):  JavaThread "C2 CompilerThread2" daemon [_thread_in_native, id=19468, stack(0x000000001a400000,0x000000001a500000)]

Stack: [0x000000001a400000,0x000000001a500000]
[error occurred during error reporting (printing stack bounds), id 0xc0000005]

Native frames: (J=compiled Java code, j=interpreted, Vv=VM code, C=native code)


Current CompileTask:
C2:    581  633       4       com.android.dx.ssa.SsaBasicBlock::forEachInsn (37 bytes)


---------------  P R O C E S S  ---------------

Java Threads: ( => current thread )
  0x0000000019c0e800 JavaThread "pool-1-thread-4" [_thread_in_Java, id=9132, stack(0x000000001ac00000,0x000000001ad00000)]
  0x0000000019c0b000 JavaThread "pool-1-thread-3" [_thread_in_Java, id=6848, stack(0x000000001ab00000,0x000000001ac00000)]
  0x0000000019c08800 JavaThread "pool-1-thread-2" [_thread_in_vm, id=14936, stack(0x000000001aa00000,0x000000001ab00000)]
  0x0000000019c03000 JavaThread "pool-2-thread-1" [_thread_blocked, id=13976, stack(0x000000001a900000,0x000000001aa00000)]
  0x0000000019bf2000 JavaThread "pool-1-thread-1" [_thread_in_Java, id=9760, stack(0x000000001a800000,0x000000001a900000)]
  0x00000000199a5000 JavaThread "Service Thread" daemon [_thread_blocked, id=10732, stack(0x000000001a600000,0x000000001a700000)]
  0x00000000199a1800 JavaThread "C1 CompilerThread3" daemon [_thread_in_native, id=12500, stack(0x000000001a500000,0x000000001a600000)]
=>0x0000000019946800 JavaThread "C2 CompilerThread2" daemon [_thread_in_native, id=19468, stack(0x000000001a400000,0x000000001a500000)]
  0x000000001993f800 JavaThread "C2 CompilerThread1" daemon [_thread_in_native, id=13908, stack(0x000000001a300000,0x000000001a400000)]
  0x000000001993d800 JavaThread "C2 CompilerThread0" daemon [_thread_in_native, id=15308, stack(0x000000001a200000,0x000000001a300000)]
  0x000000001993c000 JavaThread "Attach Listener" daemon [_thread_blocked, id=7864, stack(0x000000001a100000,0x000000001a200000)]
  0x0000000019939000 JavaThread "Signal Dispatcher" daemon [_thread_blocked, id=15668, stack(0x000000001a000000,0x000000001a100000)]
  0x0000000019930800 JavaThread "Finalizer" daemon [_thread_blocked, id=22696, stack(0x0000000019d10000,0x0000000019e10000)]
  0x0000000004f06000 JavaThread "Reference Handler" daemon [_thread_blocked, id=3608, stack(0x0000000019810000,0x0000000019910000)]
  0x0000000004e0e800 JavaThread "main" [_thread_in_Java, id=11400, stack(0x0000000004cd0000,0x0000000004dd0000)]

Other Threads:
  0x0000000017a25800 VMThread [stack: 0x0000000019710000,0x0000000019810000] [id=9836]
  0x00000000199a6000 WatcherThread [stack: 0x000000001a700000,0x000000001a800000] [id=19584]

VM state:not at safepoint (normal execution)

VM Mutex/Monitor currently owned by a thread: None

Heap:
 PSYoungGen      total 75776K, used 33818K [0x00000000eab00000, 0x00000000eff80000, 0x0000000100000000)
  eden space 65024K, 52% used [0x00000000eab00000,0x00000000ecc06940,0x00000000eea80000)
  from space 10752K, 0% used [0x00000000ef500000,0x00000000ef500000,0x00000000eff80000)
  to   space 10752K, 0% used [0x00000000eea80000,0x00000000eea80000,0x00000000ef500000)
 ParOldGen       total 173568K, used 0K [0x00000000c0000000, 0x00000000ca980000, 0x00000000eab00000)
  object space 173568K, 0% used [0x00000000c0000000,0x00000000c0000000,0x00000000ca980000)
 Metaspace       used 5740K, capacity 6768K, committed 7040K, reserved 1056768K
  class space    used 575K, capacity 616K, committed 640K, reserved 1048576K

Card table byte_map: [0x00000000142d0000,0x00000000144e0000] byte_map_base: 0x0000000013cd0000

Marking Bits: (ParMarkBitMap*) 0x0000000055163950
 Begin Bits: [0x0000000014e40000, 0x0000000015e40000)
 End Bits:   [0x0000000015e40000, 0x0000000016e40000)

Polling page: 0x0000000002f70000

CodeCache: size=245760Kb used=2876Kb max_used=2889Kb free=242883Kb
 bounds [0x0000000004f10000, 0x00000000051f0000, 0x0000000013f10000]
 total_blobs=1004 nmethods=740 adapters=176
 compilation: enabled

Compilation events (10 events):
Event: 0.465 Thread 0x000000001993d800 nmethod 713 0x00000000051b6e50 code [0x00000000051b6fa0, 0x00000000051b70b8]
Event: 0.466 Thread 0x000000001993d800  726       4       com.android.dx.ssa.NormalSsaInsn::hasSideEffect (76 bytes)
Event: 0.467 Thread 0x00000000199a1800 nmethod 715 0x00000000051b71d0 code [0x00000000051b7640, 0x00000000051bb0d8]
Event: 0.467 Thread 0x00000000199a1800  722       3       com.android.dx.cf.code.Ropper::labelToResultIndex (47 bytes)
Event: 0.467 Thread 0x00000000199a1800 nmethod 722 0x00000000051b6190 code [0x00000000051b6360, 0x00000000051b69f8]
Event: 0.467 Thread 0x00000000199a1800  724       3       com.android.dx.ssa.Dominators::compress (229 bytes)
Event: 0.468 Thread 0x000000001993d800 nmethod 726 0x00000000051b4750 code [0x00000000051b48a0, 0x00000000051b4a18]
Event: 0.468 Thread 0x000000001993d800  727       4       com.android.dx.ssa.SsaMethod::getDefinitionForRegister (61 bytes)
Event: 0.469 Thread 0x00000000199a1800 nmethod 724 0x00000000051bed90 code [0x00000000051bf100, 0x00000000051c1028]
Event: 0.469 Thread 0x00000000199a1800  721       3       com.android.dx.cf.code.BaseMachine::storeResults (90 bytes)

GC Heap History (0 events):
No events

Deoptimization events (1 events):
Event: 0.391 Thread 0x0000000019bf2000 Uncommon trap: reason=unstable_if action=reinterpret pc=0x0000000005136530 method=java.util.BitSet.nextSetBit(I)I @ 87

Classes redefined (0 events):
No events

Internal exceptions (2 events):
Event: 0.027 Thread 0x0000000004e0e800 Exception <a 'java/lang/NoSuchMethodError': Method sun.misc.Unsafe.defineClass(Ljava/lang/String;[BII)Ljava/lang/Class; name or signature does not match> (0x00000000eab07ca8) thrown at [D:\src\AOSP-openjdk-cygwin\jdk8u\hotspot\src\share\vm\prims\jni.cpp, 
Event: 0.027 Thread 0x0000000004e0e800 Exception <a 'java/lang/NoSuchMethodError': Method sun.misc.Unsafe.prefetchRead(Ljava/lang/Object;J)V name or signature does not match> (0x00000000eab07f90) thrown at [D:\src\AOSP-openjdk-cygwin\jdk8u\hotspot\src\share\vm\prims\jni.cpp, line 4011]

Events (10 events):
Event: 0.388 loading class com/android/dx/dex/file/AnnotationSetRefItem
Event: 0.388 loading class com/android/dx/dex/file/AnnotationSetRefItem done
Event: 0.391 Thread 0x0000000019bf2000 Uncommon trap: trap_request=0xffffff65 fr.pc=0x0000000005136530
Event: 0.391 Thread 0x0000000019bf2000 DEOPT PACKING pc=0x0000000005136530 sp=0x000000001a8feac0
Event: 0.391 Thread 0x0000000019bf2000 DEOPT UNPACKING pc=0x0000000004f5556a sp=0x000000001a8fea58 mode 2
Event: 0.400 loading class java/util/HashMap$ValueIterator done
Event: 0.411 loading class com/android/dx/cf/code/BytecodeArray$ConstantParserVisitor
Event: 0.411 loading class com/android/dx/cf/code/BytecodeArray$ConstantParserVisitor done
Event: 0.412 Executing VM operation: ForceSafepoint
Event: 0.429 Executing VM operation: ForceSafepoint done


Dynamic libraries:
0x00007ff716210000 - 0x00007ff716241000 	F:\Android\AndroidStudio\AndroidStudio\StudioInstall\jre\bin\java.exe
0x00007ffca7150000 - 0x00007ffca7330000 	C:\WINDOWS\SYSTEM32\ntdll.dll
0x00007ffca4620000 - 0x00007ffca46ce000 	C:\WINDOWS\System32\KERNEL32.DLL
0x00007ffca3eb0000 - 0x00007ffca4116000 	C:\WINDOWS\System32\KERNELBASE.dll
0x00007ffca6ca0000 - 0x00007ffca6d41000 	C:\WINDOWS\System32\ADVAPI32.dll
0x00007ffca4f30000 - 0x00007ffca4fcd000 	C:\WINDOWS\System32\msvcrt.dll
0x00007ffca6410000 - 0x00007ffca646b000 	C:\WINDOWS\System32\sechost.dll
0x00007ffca4af0000 - 0x00007ffca4c0f000 	C:\WINDOWS\System32\RPCRT4.dll
0x00007ffca47c0000 - 0x00007ffca494f000 	C:\WINDOWS\System32\USER32.dll
0x00007ffca4310000 - 0x00007ffca4330000 	C:\WINDOWS\System32\win32u.dll
0x00007ffca46d0000 - 0x00007ffca46f8000 	C:\WINDOWS\System32\GDI32.dll
0x00007ffca4120000 - 0x00007ffca42b3000 	C:\WINDOWS\System32\gdi32full.dll
0x00007ffca4580000 - 0x00007ffca461b000 	C:\WINDOWS\System32\msvcp_win.dll
0x00007ffca3db0000 - 0x00007ffca3ea6000 	C:\WINDOWS\System32\ucrtbase.dll
0x00007ffc98f20000 - 0x00007ffc99189000 	C:\WINDOWS\WinSxS\amd64_microsoft.windows.common-controls_6595b64144ccf1df_6.0.16299.248_none_15ced204935f55d7\COMCTL32.dll
0x00007ffca6920000 - 0x00007ffca6c28000 	C:\WINDOWS\System32\combase.dll
0x00007ffca4330000 - 0x00007ffca43a2000 	C:\WINDOWS\System32\bcryptPrimitives.dll
0x00007ffca4950000 - 0x00007ffca497d000 	C:\WINDOWS\System32\IMM32.DLL
0x00000000568d0000 - 0x00000000569a2000 	F:\Android\AndroidStudio\AndroidStudio\StudioInstall\jre\jre\bin\msvcr100.dll
0x00000000549a0000 - 0x00000000551de000 	F:\Android\AndroidStudio\AndroidStudio\StudioInstall\jre\jre\bin\server\jvm.dll
0x00007ffca47b0000 - 0x00007ffca47b8000 	C:\WINDOWS\System32\PSAPI.DLL
0x00007ffc9d1d0000 - 0x00007ffc9d1d9000 	C:\WINDOWS\SYSTEM32\WSOCK32.dll
0x00007ffca6c30000 - 0x00007ffca6c9c000 	C:\WINDOWS\System32\WS2_32.dll
0x00007ffca0540000 - 0x00007ffca0563000 	C:\WINDOWS\SYSTEM32\WINMM.dll
0x00007ffc9b220000 - 0x00007ffc9b22a000 	C:\WINDOWS\SYSTEM32\VERSION.dll
0x00007ffca0510000 - 0x00007ffca053a000 	C:\WINDOWS\SYSTEM32\winmmbase.dll
0x00007ffca42c0000 - 0x00007ffca430a000 	C:\WINDOWS\System32\cfgmgr32.dll
0x00007ffc93e80000 - 0x00007ffc93e8f000 	F:\Android\AndroidStudio\AndroidStudio\StudioInstall\jre\jre\bin\verify.dll
0x00007ffc86350000 - 0x00007ffc86379000 	F:\Android\AndroidStudio\AndroidStudio\StudioInstall\jre\jre\bin\java.dll
0x00007ffc91db0000 - 0x00007ffc91dc6000 	F:\Android\AndroidStudio\AndroidStudio\StudioInstall\jre\jre\bin\zip.dll
0x00007ffca4fd0000 - 0x00007ffca6406000 	C:\WINDOWS\System32\SHELL32.dll
0x00007ffca4700000 - 0x00007ffca47a6000 	C:\WINDOWS\System32\shcore.dll
0x00007ffca3660000 - 0x00007ffca3da7000 	C:\WINDOWS\System32\windows.storage.dll
0x00007ffca6ef0000 - 0x00007ffca6f41000 	C:\WINDOWS\System32\shlwapi.dll
0x00007ffca34f0000 - 0x00007ffca3501000 	C:\WINDOWS\System32\kernel.appcore.dll
0x00007ffca34a0000 - 0x00007ffca34ec000 	C:\WINDOWS\System32\powrprof.dll
0x00007ffca3510000 - 0x00007ffca352b000 	C:\WINDOWS\System32\profapi.dll

VM Arguments:
jvm_args: -Djava.awt.headless=true -Xmx1024M -Dfile.encoding=windows-1252 -Duser.country=US -Duser.language=en -Duser.variant 
java_command: com.android.dx.command.Main --dex --num-threads=4 --output F:\Mobilework\ReactNative\SimpleGeolocation\android\app\build\intermediates\pre-dexed\debug\com.facebook.fresco-imagepipeline-1.3.0_51ca0d22d9215ed0dbe454b6d4c3e3125da8d26d.jar F:\Mobilework\ReactNative\SimpleGeolocation\android\app\build\intermediates\exploded-aar\com.facebook.fresco\imagepipeline\1.3.0\jars\classes.jar
java_class_path (initial): F:\Android\AndroidStudio\AndroidStudio\StudioSDK\build-tools\23.0.1\lib\dx.jar
Launcher Type: SUN_STANDARD

Environment Variables:
JAVA_HOME=C:\Program Files\Java\jdk1.8.0_45
PATH=C:\ProgramData\Oracle\Java\javapath;C:\WINDOWS\system32;C:\WINDOWS;C:\WINDOWS\System32\Wbem;C:\WINDOWS\System32\WindowsPowerShell\v1.0\;C:\Program Files\Java\jdk1.8.0_45\bin;C:\Program Files\Git\cmd;C:\xampp\php;F:\Android\android-ndk-r14\bin;F:\Android\AndroidStudio\AndroidStudio\StudioInstall\gradle\gradle-3.2\bin;C:\Program Files\nodejs\;C:\Python27;C:\ProgramData\ComposerSetup\bin;D:\Xampps\xampp_7.1.11\php;F:\Android\Gradle\gradle-3.5\bin;C:\Program Files (x86)\GtkSharp\2.12\bin;C:\Program Files (x86)\Skype\Phone\;C:\Python27\Scripts;D:\GO\bin;C:\Program Files (x86)\Google\Cloud SDK\google-cloud-sdk\bin;F:\Mobilework\android\cocos2d-x-3.15.1\templates;F:\Mobilework\android\cocos2d-x-3.15.1\tools\cocos2d-console\bin;C:\Users\ASUS\AppData\Local\Microsoft\WindowsApps;C:\Users\ASUS\AppData\Roaming\npm;C:\Program Files\Microsoft VS Code\bin;C:\Users\ASUS\AppData\Roaming\Composer\vendor\bin;C:\Users\ASUS\AppData\Local\GitHubDesktop\bin;D:\GO\bin;
USERNAME=ASUS
OS=Windows_NT
PROCESSOR_IDENTIFIER=Intel64 Family 6 Model 94 Stepping 3, GenuineIntel



---------------  S Y S T E M  ---------------

OS: Windows 10.0 , 64 bit Build 16299 (10.0.16299.15)

CPU:total 8 (initial active 8) (4 cores per cpu, 2 threads per core) family 6 model 94 stepping 3, cmov, cx8, fxsr, mmx, sse, sse2, sse3, ssse3, sse4.1, sse4.2, popcnt, avx, avx2, aes, clmul, erms, rtm, 3dnowpref, lzcnt, ht, tsc, tscinvbit, bmi1, bmi2, adx

Memory: 4k page, physical 16639644k(720300k free), swap 27167672k(0k free)

vm_info: OpenJDK 64-Bit Server VM (25.152-b01) for windows-amd64 JRE (1.8.0_152-release-915-b01), built by "builder" with MS VC++ 10.0 (VS2010)

time: Tue Mar 06 05:20:37 2018
elapsed time: 0 seconds (0d 0h 0m 0s)

