#
# There is insufficient memory for the Java Runtime Environment to continue.
# Native memory allocation (malloc) failed to allocate 131088 bytes for Chunk::new
# Possible reasons:
#   The system is out of physical RAM or swap space
#   In 32 bit mode, the process size limit was hit
# Possible solutions:
#   Reduce memory load on the system
#   Increase physical memory or swap space
#   Check if swap backing store is full
#   Use 64 bit Java on a 64 bit OS
#   Decrease Java heap size (-Xmx/-Xms)
#   Decrease number of Java threads
#   Decrease Java thread stack sizes (-Xss)
#   Set larger code cache with -XX:ReservedCodeCacheSize=
# This output file may be truncated or incomplete.
#
#  Out of Memory Error (allocation.cpp:390), pid=20192, tid=0x0000000000000020
#
# JRE version: OpenJDK Runtime Environment (8.0_152-b01) (build 1.8.0_152-release-915-b01)
# Java VM: OpenJDK 64-Bit Server VM (25.152-b01 mixed mode windows-amd64 compressed oops)
# Failed to write core dump. Minidumps are not enabled by default on client versions of Windows
#

---------------  T H R E A D  ---------------

Current thread (0x000000001996f800):  JavaThread "C2 CompilerThread1" daemon [_thread_in_native, id=32, stack(0x000000001a330000,0x000000001a430000)]

Stack: [0x000000001a330000,0x000000001a430000]
[error occurred during error reporting (printing stack bounds), id 0xc0000005]

Native frames: (J=compiled Java code, j=interpreted, Vv=VM code, C=native code)


Current CompileTask:
C2:    891 1136   !   4       com.android.dx.cf.code.BytecodeArray::parseInstruction (2764 bytes)


---------------  P R O C E S S  ---------------

Java Threads: ( => current thread )
  0x0000000019c68800 JavaThread "pool-1-thread-4" [_thread_blocked, id=23372, stack(0x000000001ac30000,0x000000001ad30000)]
  0x0000000019c50000 JavaThread "pool-1-thread-3" [_thread_blocked, id=10048, stack(0x000000001ab30000,0x000000001ac30000)]
  0x0000000019c54000 JavaThread "pool-1-thread-2" [_thread_blocked, id=9720, stack(0x000000001aa30000,0x000000001ab30000)]
  0x0000000019c39000 JavaThread "pool-2-thread-1" [_thread_blocked, id=21720, stack(0x000000001a930000,0x000000001aa30000)]
  0x0000000019c34800 JavaThread "pool-1-thread-1" [_thread_in_Java, id=2452, stack(0x000000001a830000,0x000000001a930000)]
  0x0000000019a11800 JavaThread "Service Thread" daemon [_thread_blocked, id=22624, stack(0x000000001a630000,0x000000001a730000)]
  0x0000000017a8c000 JavaThread "C1 CompilerThread3" daemon [_thread_blocked, id=17244, stack(0x000000001a530000,0x000000001a630000)]
  0x0000000019974000 JavaThread "C2 CompilerThread2" daemon [_thread_blocked, id=12604, stack(0x000000001a430000,0x000000001a530000)]
=>0x000000001996f800 JavaThread "C2 CompilerThread1" daemon [_thread_in_native, id=32, stack(0x000000001a330000,0x000000001a430000)]
  0x000000001996d000 JavaThread "C2 CompilerThread0" daemon [_thread_blocked, id=15848, stack(0x000000001a230000,0x000000001a330000)]
  0x000000001996c000 JavaThread "Attach Listener" daemon [_thread_blocked, id=2092, stack(0x000000001a130000,0x000000001a230000)]
  0x0000000019968800 JavaThread "Signal Dispatcher" daemon [_thread_blocked, id=16952, stack(0x000000001a030000,0x000000001a130000)]
  0x0000000019961800 JavaThread "Finalizer" daemon [_thread_blocked, id=15636, stack(0x0000000019d40000,0x0000000019e40000)]
  0x0000000004f56000 JavaThread "Reference Handler" daemon [_thread_blocked, id=12908, stack(0x0000000019840000,0x0000000019940000)]
  0x00000000034ee800 JavaThread "main" [_thread_blocked, id=2524, stack(0x0000000004d60000,0x0000000004e60000)]

Other Threads:
  0x0000000017a75800 VMThread [stack: 0x0000000019740000,0x0000000019840000] [id=5264]
  0x0000000019a12800 WatcherThread [stack: 0x000000001a730000,0x000000001a830000] [id=15404]

VM state:not at safepoint (normal execution)

VM Mutex/Monitor currently owned by a thread:  ([mutex/lock_event])
[0x0000000004e601d0] Compile_lock - owner thread: 0x00000000034ee800

Heap:
 PSYoungGen      total 75776K, used 48127K [0x00000000eab00000, 0x00000000eff80000, 0x0000000100000000)
  eden space 65024K, 74% used [0x00000000eab00000,0x00000000ed9ffce8,0x00000000eea80000)
  from space 10752K, 0% used [0x00000000ef500000,0x00000000ef500000,0x00000000eff80000)
  to   space 10752K, 0% used [0x00000000eea80000,0x00000000eea80000,0x00000000ef500000)
 ParOldGen       total 173568K, used 0K [0x00000000c0000000, 0x00000000ca980000, 0x00000000eab00000)
  object space 173568K, 0% used [0x00000000c0000000,0x00000000c0000000,0x00000000ca980000)
 Metaspace       used 5914K, capacity 6960K, committed 7040K, reserved 1056768K
  class space    used 574K, capacity 616K, committed 640K, reserved 1048576K

Card table byte_map: [0x0000000014320000,0x0000000014530000] byte_map_base: 0x0000000013d20000

Marking Bits: (ParMarkBitMap*) 0x0000000055163950
 Begin Bits: [0x0000000014e90000, 0x0000000015e90000)
 End Bits:   [0x0000000015e90000, 0x0000000016e90000)

Polling page: 0x0000000002f70000

CodeCache: size=245760Kb used=4918Kb max_used=4918Kb free=240841Kb
 bounds [0x0000000004f60000, 0x0000000005440000, 0x0000000013f60000]
 total_blobs=1481 nmethods=1219 adapters=176
 compilation: enabled

Compilation events (10 events):
Event: 0.828 Thread 0x0000000017a8c000 1221       3       com.android.dx.cf.code.BasicBlocker::visitBranch (98 bytes)
Event: 0.829 Thread 0x0000000019974000 nmethod 1139 0x000000000542bad0 code [0x000000000542bc20, 0x000000000542bd18]
Event: 0.829 Thread 0x0000000019974000 1220       4       com.android.dx.cf.code.BasicBlocker::addWorkIfNecessary (32 bytes)
Event: 0.829 Thread 0x0000000017a8c000 nmethod 1221 0x000000000542bed0 code [0x000000000542c1c0, 0x000000000542d778]
Event: 0.829 Thread 0x0000000017a8c000 1222       3       com.android.dx.cf.code.Simulator$SimVisitor::visitBranch (341 bytes)
Event: 0.830 Thread 0x0000000017a8c000 nmethod 1222 0x00000000054257d0 code [0x0000000005425a60, 0x0000000005426b48]
Event: 0.830 Thread 0x0000000019974000 nmethod 1220 0x0000000005425350 code [0x00000000054254a0, 0x00000000054255d8]
Event: 0.830 Thread 0x0000000019974000 1223       4       com.android.dx.ssa.SsaMethod::bitSetFromLabelList (47 bytes)
Event: 0.830 Thread 0x0000000017a8c000 1225       3       com.android.dx.ssa.SsaBasicBlock::addMoveToEnd (172 bytes)
Event: 0.832 Thread 0x0000000017a8c000 nmethod 1225 0x0000000005431950 code [0x0000000005431ce0, 0x0000000005433c08]

GC Heap History (0 events):
No events

Deoptimization events (9 events):
Event: 0.427 Thread 0x0000000019c50000 Uncommon trap: reason=unstable_if action=reinterpret pc=0x000000000513a3b0 method=java.util.BitSet.nextSetBit(I)I @ 87
Event: 0.458 Thread 0x00000000034ee800 Uncommon trap: reason=unstable_if action=reinterpret pc=0x0000000005140824 method=java.util.HashMap.getNode(ILjava/lang/Object;)Ljava/util/HashMap$Node; @ 129
Event: 0.472 Thread 0x00000000034ee800 Uncommon trap: reason=unstable_if action=reinterpret pc=0x000000000516c7c8 method=java.lang.String.<init>([CII)V @ 18
Event: 0.481 Thread 0x0000000019c50000 Uncommon trap: reason=unstable_if action=reinterpret pc=0x00000000051796a0 method=java.util.HashMap.getNode(ILjava/lang/Object;)Ljava/util/HashMap$Node; @ 129
Event: 0.500 Thread 0x00000000034ee800 Uncommon trap: reason=unstable_if action=reinterpret pc=0x0000000005160438 method=java.lang.String.<init>([CII)V @ 18
Event: 0.739 Thread 0x0000000019c54000 Uncommon trap: reason=unstable_if action=reinterpret pc=0x00000000051770dc method=com.android.dx.rop.cst.Constant.compareTo(Lcom/android/dx/rop/cst/Constant;)I @ 12
Event: 0.754 Thread 0x0000000019c50000 Uncommon trap: reason=unstable_if action=reinterpret pc=0x00000000051f9248 method=com.android.dx.ssa.SsaMethod.getExitBlock()Lcom/android/dx/ssa/SsaBasicBlock; @ 4
Event: 0.754 Thread 0x0000000019c50000 Uncommon trap: reason=unstable_if action=reinterpret pc=0x00000000051777f4 method=com.android.dx.ssa.SsaMethod.getExitBlock()Lcom/android/dx/ssa/SsaBasicBlock; @ 4
Event: 0.754 Thread 0x0000000019c54000 Uncommon trap: reason=unstable_if action=reinterpret pc=0x0000000005221d7c method=com.android.dx.util.IntList.binarysearch(I)I @ 105

Classes redefined (0 events):
No events

Internal exceptions (2 events):
Event: 0.225 Thread 0x00000000034ee800 Exception <a 'java/lang/NoSuchMethodError': Method sun.misc.Unsafe.defineClass(Ljava/lang/String;[BII)Ljava/lang/Class; name or signature does not match> (0x00000000eab07ca8) thrown at [D:\src\AOSP-openjdk-cygwin\jdk8u\hotspot\src\share\vm\prims\jni.cpp, 
Event: 0.225 Thread 0x00000000034ee800 Exception <a 'java/lang/NoSuchMethodError': Method sun.misc.Unsafe.prefetchRead(Ljava/lang/Object;J)V name or signature does not match> (0x00000000eab07f90) thrown at [D:\src\AOSP-openjdk-cygwin\jdk8u\hotspot\src\share\vm\prims\jni.cpp, line 4011]

Events (10 events):
Event: 0.754 Thread 0x0000000019c50000 DEOPT PACKING pc=0x00000000051777f4 sp=0x000000001ac2e830
Event: 0.754 Thread 0x0000000019c50000 DEOPT UNPACKING pc=0x0000000004fa556a sp=0x000000001ac2e7e8 mode 2
Event: 0.754 Thread 0x0000000019c54000 Uncommon trap: trap_request=0xffffff65 fr.pc=0x0000000005221d7c
Event: 0.754 Thread 0x0000000019c54000 DEOPT PACKING pc=0x0000000005221d7c sp=0x000000001ab2ea40
Event: 0.754 Thread 0x0000000019c54000 DEOPT UNPACKING pc=0x0000000004fa556a sp=0x000000001ab2e9b8 mode 2
Event: 0.833 loading class java/util/TreeMap$EntrySet
Event: 0.833 loading class java/util/TreeMap$EntrySet done
Event: 0.834 loading class java/util/TreeMap$EntryIterator
Event: 0.834 loading class java/util/TreeMap$EntryIterator done
Event: 0.834 Executing VM operation: Deoptimize


Dynamic libraries:
0x00007ff716210000 - 0x00007ff716241000 	F:\Android\AndroidStudio\AndroidStudio\StudioInstall\jre\bin\java.exe
0x00007ffca7150000 - 0x00007ffca7330000 	C:\WINDOWS\SYSTEM32\ntdll.dll
0x00007ffca4620000 - 0x00007ffca46ce000 	C:\WINDOWS\System32\KERNEL32.DLL
0x00007ffca3eb0000 - 0x00007ffca4116000 	C:\WINDOWS\System32\KERNELBASE.dll
0x00007ffca6ca0000 - 0x00007ffca6d41000 	C:\WINDOWS\System32\ADVAPI32.dll
0x00007ffca4f30000 - 0x00007ffca4fcd000 	C:\WINDOWS\System32\msvcrt.dll
0x00007ffca6410000 - 0x00007ffca646b000 	C:\WINDOWS\System32\sechost.dll
0x00007ffca4af0000 - 0x00007ffca4c0f000 	C:\WINDOWS\System32\RPCRT4.dll
0x00007ffca47c0000 - 0x00007ffca494f000 	C:\WINDOWS\System32\USER32.dll
0x00007ffca4310000 - 0x00007ffca4330000 	C:\WINDOWS\System32\win32u.dll
0x00007ffca46d0000 - 0x00007ffca46f8000 	C:\WINDOWS\System32\GDI32.dll
0x00007ffca4120000 - 0x00007ffca42b3000 	C:\WINDOWS\System32\gdi32full.dll
0x00007ffca4580000 - 0x00007ffca461b000 	C:\WINDOWS\System32\msvcp_win.dll
0x00007ffca3db0000 - 0x00007ffca3ea6000 	C:\WINDOWS\System32\ucrtbase.dll
0x00007ffc98f20000 - 0x00007ffc99189000 	C:\WINDOWS\WinSxS\amd64_microsoft.windows.common-controls_6595b64144ccf1df_6.0.16299.248_none_15ced204935f55d7\COMCTL32.dll
0x00007ffca6920000 - 0x00007ffca6c28000 	C:\WINDOWS\System32\combase.dll
0x00007ffca4330000 - 0x00007ffca43a2000 	C:\WINDOWS\System32\bcryptPrimitives.dll
0x00007ffca4950000 - 0x00007ffca497d000 	C:\WINDOWS\System32\IMM32.DLL
0x00000000568d0000 - 0x00000000569a2000 	F:\Android\AndroidStudio\AndroidStudio\StudioInstall\jre\jre\bin\msvcr100.dll
0x00000000549a0000 - 0x00000000551de000 	F:\Android\AndroidStudio\AndroidStudio\StudioInstall\jre\jre\bin\server\jvm.dll
0x00007ffca47b0000 - 0x00007ffca47b8000 	C:\WINDOWS\System32\PSAPI.DLL
0x00007ffc9d1d0000 - 0x00007ffc9d1d9000 	C:\WINDOWS\SYSTEM32\WSOCK32.dll
0x00007ffca0540000 - 0x00007ffca0563000 	C:\WINDOWS\SYSTEM32\WINMM.dll
0x00007ffc9b220000 - 0x00007ffc9b22a000 	C:\WINDOWS\SYSTEM32\VERSION.dll
0x00007ffca6c30000 - 0x00007ffca6c9c000 	C:\WINDOWS\System32\WS2_32.dll
0x00007ffca0510000 - 0x00007ffca053a000 	C:\WINDOWS\SYSTEM32\WINMMBASE.dll
0x00007ffca42c0000 - 0x00007ffca430a000 	C:\WINDOWS\System32\cfgmgr32.dll
0x00007ffc93e80000 - 0x00007ffc93e8f000 	F:\Android\AndroidStudio\AndroidStudio\StudioInstall\jre\jre\bin\verify.dll
0x00007ffc86350000 - 0x00007ffc86379000 	F:\Android\AndroidStudio\AndroidStudio\StudioInstall\jre\jre\bin\java.dll
0x00007ffc91db0000 - 0x00007ffc91dc6000 	F:\Android\AndroidStudio\AndroidStudio\StudioInstall\jre\jre\bin\zip.dll
0x00007ffca4fd0000 - 0x00007ffca6406000 	C:\WINDOWS\System32\SHELL32.dll
0x00007ffca4700000 - 0x00007ffca47a6000 	C:\WINDOWS\System32\shcore.dll
0x00007ffca3660000 - 0x00007ffca3da7000 	C:\WINDOWS\System32\windows.storage.dll
0x00007ffca6ef0000 - 0x00007ffca6f41000 	C:\WINDOWS\System32\shlwapi.dll
0x00007ffca34f0000 - 0x00007ffca3501000 	C:\WINDOWS\System32\kernel.appcore.dll
0x00007ffca34a0000 - 0x00007ffca34ec000 	C:\WINDOWS\System32\powrprof.dll
0x00007ffca3510000 - 0x00007ffca352b000 	C:\WINDOWS\System32\profapi.dll

VM Arguments:
jvm_args: -Djava.awt.headless=true -Xmx1024M -Dfile.encoding=windows-1252 -Duser.country=US -Duser.language=en -Duser.variant 
java_command: com.android.dx.command.Main --dex --num-threads=4 --output F:\Mobilework\ReactNative\SimpleGeolocation\android\app\build\intermediates\pre-dexed\debug\com.facebook.fresco-fbcore-1.3.0_50d3bd77fe3e1558e90976dc1b04fe4017d5ed8c.jar F:\Mobilework\ReactNative\SimpleGeolocation\android\app\build\intermediates\exploded-aar\com.facebook.fresco\fbcore\1.3.0\jars\classes.jar
java_class_path (initial): F:\Android\AndroidStudio\AndroidStudio\StudioSDK\build-tools\23.0.1\lib\dx.jar
Launcher Type: SUN_STANDARD

Environment Variables:
JAVA_HOME=C:\Program Files\Java\jdk1.8.0_45
PATH=C:\ProgramData\Oracle\Java\javapath;C:\WINDOWS\system32;C:\WINDOWS;C:\WINDOWS\System32\Wbem;C:\WINDOWS\System32\WindowsPowerShell\v1.0\;C:\Program Files\Java\jdk1.8.0_45\bin;C:\Program Files\Git\cmd;C:\xampp\php;F:\Android\android-ndk-r14\bin;F:\Android\AndroidStudio\AndroidStudio\StudioInstall\gradle\gradle-3.2\bin;C:\Program Files\nodejs\;C:\Python27;C:\ProgramData\ComposerSetup\bin;D:\Xampps\xampp_7.1.11\php;F:\Android\Gradle\gradle-3.5\bin;C:\Program Files (x86)\GtkSharp\2.12\bin;C:\Program Files (x86)\Skype\Phone\;C:\Python27\Scripts;D:\GO\bin;C:\Program Files (x86)\Google\Cloud SDK\google-cloud-sdk\bin;F:\Mobilework\android\cocos2d-x-3.15.1\templates;F:\Mobilework\android\cocos2d-x-3.15.1\tools\cocos2d-console\bin;C:\Users\ASUS\AppData\Local\Microsoft\WindowsApps;C:\Users\ASUS\AppData\Roaming\npm;C:\Program Files\Microsoft VS Code\bin;C:\Users\ASUS\AppData\Roaming\Composer\vendor\bin;C:\Users\ASUS\AppData\Local\GitHubDesktop\bin;D:\GO\bin;
USERNAME=ASUS
OS=Windows_NT
PROCESSOR_IDENTIFIER=Intel64 Family 6 Model 94 Stepping 3, GenuineIntel



---------------  S Y S T E M  ---------------

OS: Windows 10.0 , 64 bit Build 16299 (10.0.16299.15)

CPU:total 8 (initial active 8) (4 cores per cpu, 2 threads per core) family 6 model 94 stepping 3, cmov, cx8, fxsr, mmx, sse, sse2, sse3, ssse3, sse4.1, sse4.2, popcnt, avx, avx2, aes, clmul, erms, rtm, 3dnowpref, lzcnt, ht, tsc, tscinvbit, bmi1, bmi2, adx

Memory: 4k page, physical 16639644k(742956k free), swap 27167672k(2232k free)

vm_info: OpenJDK 64-Bit Server VM (25.152-b01) for windows-amd64 JRE (1.8.0_152-release-915-b01), built by "builder" with MS VC++ 10.0 (VS2010)

time: Tue Mar 06 05:22:07 2018
elapsed time: 0 seconds (0d 0h 0m 0s)

