#
# There is insufficient memory for the Java Runtime Environment to continue.
# Native memory allocation (malloc) failed to allocate 32744 bytes for ChunkPool::allocate
# Possible reasons:
#   The system is out of physical RAM or swap space
#   In 32 bit mode, the process size limit was hit
# Possible solutions:
#   Reduce memory load on the system
#   Increase physical memory or swap space
#   Check if swap backing store is full
#   Use 64 bit Java on a 64 bit OS
#   Decrease Java heap size (-Xmx/-Xms)
#   Decrease number of Java threads
#   Decrease Java thread stack sizes (-Xss)
#   Set larger code cache with -XX:ReservedCodeCacheSize=
# This output file may be truncated or incomplete.
#
#  Out of Memory Error (allocation.cpp:273), pid=9772, tid=0x0000000000003050
#
# JRE version: OpenJDK Runtime Environment (8.0_152-b01) (build 1.8.0_152-release-915-b01)
# Java VM: OpenJDK 64-Bit Server VM (25.152-b01 mixed mode windows-amd64 compressed oops)
# Failed to write core dump. Minidumps are not enabled by default on client versions of Windows
#

---------------  T H R E A D  ---------------

Current thread (0x000000001930a800):  JavaThread "C1 CompilerThread3" daemon [_thread_in_native, id=12368, stack(0x0000000019e70000,0x0000000019f70000)]

Stack: [0x0000000019e70000,0x0000000019f70000]
[error occurred during error reporting (printing stack bounds), id 0xc0000005]

Native frames: (J=compiled Java code, j=interpreted, Vv=VM code, C=native code)


Current CompileTask:
C1:   2997 2291       2       com.android.dx.rop.annotation.Annotation::compareTo (147 bytes)


---------------  P R O C E S S  ---------------

Java Threads: ( => current thread )
  0x0000000019313000 JavaThread "Service Thread" daemon [_thread_blocked, id=17940, stack(0x0000000019f70000,0x000000001a070000)]
=>0x000000001930a800 JavaThread "C1 CompilerThread3" daemon [_thread_in_native, id=12368, stack(0x0000000019e70000,0x0000000019f70000)]
  0x0000000019307000 JavaThread "C2 CompilerThread2" daemon [_thread_in_native, id=13864, stack(0x0000000019d70000,0x0000000019e70000)]
  0x00000000192b0800 JavaThread "C2 CompilerThread1" daemon [_thread_in_native, id=13480, stack(0x0000000019c70000,0x0000000019d70000)]
  0x00000000192ae800 JavaThread "C2 CompilerThread0" daemon [_thread_in_native, id=16360, stack(0x0000000019b70000,0x0000000019c70000)]
  0x00000000192ad000 JavaThread "Attach Listener" daemon [_thread_blocked, id=16000, stack(0x0000000019a70000,0x0000000019b70000)]
  0x00000000192aa000 JavaThread "Signal Dispatcher" daemon [_thread_blocked, id=21144, stack(0x0000000019970000,0x0000000019a70000)]
  0x0000000004779800 JavaThread "Finalizer" daemon [_thread_blocked, id=18748, stack(0x0000000019680000,0x0000000019780000)]
  0x0000000004776000 JavaThread "Reference Handler" daemon [_thread_blocked, id=12780, stack(0x0000000019180000,0x0000000019280000)]
  0x000000000467e800 JavaThread "main" [_thread_in_Java, id=2452, stack(0x0000000004560000,0x0000000004660000)]

Other Threads:
  0x0000000017395800 VMThread [stack: 0x0000000019080000,0x0000000019180000] [id=21456]
  0x0000000019314000 WatcherThread [stack: 0x000000001a070000,0x000000001a170000] [id=18020]

VM state:not at safepoint (normal execution)

VM Mutex/Monitor currently owned by a thread: None

Heap:
 PSYoungGen      total 270848K, used 241145K [0x00000000eab00000, 0x00000000fbe00000, 0x0000000100000000)
  eden space 260096K, 88% used [0x00000000eab00000,0x00000000f8c05d80,0x00000000fa900000)
  from space 10752K, 99% used [0x00000000fb380000,0x00000000fbdf8888,0x00000000fbe00000)
  to   space 10752K, 0% used [0x00000000fa900000,0x00000000fa900000,0x00000000fb380000)
 ParOldGen       total 173568K, used 48571K [0x00000000c0000000, 0x00000000ca980000, 0x00000000eab00000)
  object space 173568K, 27% used [0x00000000c0000000,0x00000000c2f6ed18,0x00000000ca980000)
 Metaspace       used 6490K, capacity 7284K, committed 7552K, reserved 1056768K
  class space    used 601K, capacity 620K, committed 640K, reserved 1048576K

Card table byte_map: [0x0000000013c40000,0x0000000013e50000] byte_map_base: 0x0000000013640000

Marking Bits: (ParMarkBitMap*) 0x0000000055163950
 Begin Bits: [0x00000000147b0000, 0x00000000157b0000)
 End Bits:   [0x00000000157b0000, 0x00000000167b0000)

Polling page: 0x0000000002ce0000

CodeCache: size=245760Kb used=8881Kb max_used=8881Kb free=236878Kb
 bounds [0x0000000004880000, 0x0000000005140000, 0x0000000013880000]
 total_blobs=2427 nmethods=2164 adapters=176
 compilation: enabled

Compilation events (10 events):
Event: 2.971 Thread 0x000000001930a800 nmethod 2284 0x000000000512fc50 code [0x000000000512fdc0, 0x000000000512ff48]
Event: 2.971 Thread 0x000000001930a800 2286       2       com.android.dx.dex.file.ClassDataItem::addContents (207 bytes)
Event: 2.972 Thread 0x000000001930a800 nmethod 2286 0x0000000005130050 code [0x00000000051302c0, 0x0000000005130cf8]
Event: 2.982 Thread 0x000000001930a800 2288 %     3       java.util.ComparableTimSort::binarySort @ 72 (223 bytes)
Event: 2.983 Thread 0x000000001930a800 nmethod 2288% 0x00000000051317d0 code [0x00000000051319c0, 0x0000000005132578]
Event: 2.983 Thread 0x000000001930a800 2289       2       com.android.dx.dex.file.AnnotationSetItem::itemType (4 bytes)
Event: 2.983 Thread 0x000000001930a800 nmethod 2289 0x0000000005132b90 code [0x0000000005132ce0, 0x0000000005132e30]
Event: 2.983 Thread 0x000000001930a800 2290       2       com.android.dx.rop.annotation.NameValuePair::compareTo (30 bytes)
Event: 2.984 Thread 0x000000001930a800 nmethod 2290 0x0000000005132ed0 code [0x00000000051330a0, 0x00000000051334b8]
Event: 2.984 Thread 0x000000001930a800 2291       2       com.android.dx.rop.annotation.Annotation::compareTo (147 bytes)

GC Heap History (8 events):
Event: 0.723 GC heap before
{Heap before GC invocations=1 (full 0):
 PSYoungGen      total 75776K, used 65024K [0x00000000eab00000, 0x00000000eff80000, 0x0000000100000000)
  eden space 65024K, 100% used [0x00000000eab00000,0x00000000eea80000,0x00000000eea80000)
  from space 10752K, 0% used [0x00000000ef500000,0x00000000ef500000,0x00000000eff80000)
  to   space 10752K, 0% used [0x00000000eea80000,0x00000000eea80000,0x00000000ef500000)
 ParOldGen       total 173568K, used 0K [0x00000000c0000000, 0x00000000ca980000, 0x00000000eab00000)
  object space 173568K, 0% used [0x00000000c0000000,0x00000000c0000000,0x00000000ca980000)
 Metaspace       used 5968K, capacity 7024K, committed 7296K, reserved 1056768K
  class space    used 575K, capacity 616K, committed 640K, reserved 1048576K
Event: 0.742 GC heap after
Heap after GC invocations=1 (full 0):
 PSYoungGen      total 75776K, used 10722K [0x00000000eab00000, 0x00000000f3f00000, 0x0000000100000000)
  eden space 65024K, 0% used [0x00000000eab00000,0x00000000eab00000,0x00000000eea80000)
  from space 10752K, 99% used [0x00000000eea80000,0x00000000ef4f8920,0x00000000ef500000)
  to   space 10752K, 0% used [0x00000000f3480000,0x00000000f3480000,0x00000000f3f00000)
 ParOldGen       total 173568K, used 526K [0x00000000c0000000, 0x00000000ca980000, 0x00000000eab00000)
  object space 173568K, 0% used [0x00000000c0000000,0x00000000c0083870,0x00000000ca980000)
 Metaspace       used 5968K, capacity 7024K, committed 7296K, reserved 1056768K
  class space    used 575K, capacity 616K, committed 640K, reserved 1048576K
}
Event: 0.940 GC heap before
{Heap before GC invocations=2 (full 0):
 PSYoungGen      total 75776K, used 75746K [0x00000000eab00000, 0x00000000f3f00000, 0x0000000100000000)
  eden space 65024K, 100% used [0x00000000eab00000,0x00000000eea80000,0x00000000eea80000)
  from space 10752K, 99% used [0x00000000eea80000,0x00000000ef4f8920,0x00000000ef500000)
  to   space 10752K, 0% used [0x00000000f3480000,0x00000000f3480000,0x00000000f3f00000)
 ParOldGen       total 173568K, used 526K [0x00000000c0000000, 0x00000000ca980000, 0x00000000eab00000)
  object space 173568K, 0% used [0x00000000c0000000,0x00000000c0083870,0x00000000ca980000)
 Metaspace       used 6225K, capacity 7152K, committed 7296K, reserved 1056768K
  class space    used 594K, capacity 616K, committed 640K, reserved 1048576K
Event: 0.955 GC heap after
Heap after GC invocations=2 (full 0):
 PSYoungGen      total 140800K, used 10723K [0x00000000eab00000, 0x00000000f3f00000, 0x0000000100000000)
  eden space 130048K, 0% used [0x00000000eab00000,0x00000000eab00000,0x00000000f2a00000)
  from space 10752K, 99% used [0x00000000f3480000,0x00000000f3ef8c28,0x00000000f3f00000)
  to   space 10752K, 0% used [0x00000000f2a00000,0x00000000f2a00000,0x00000000f3480000)
 ParOldGen       total 173568K, used 8957K [0x00000000c0000000, 0x00000000ca980000, 0x00000000eab00000)
  object space 173568K, 5% used [0x00000000c0000000,0x00000000c08bf468,0x00000000ca980000)
 Metaspace       used 6225K, capacity 7152K, committed 7296K, reserved 1056768K
  class space    used 594K, capacity 616K, committed 640K, reserved 1048576K
}
Event: 1.532 GC heap before
{Heap before GC invocations=3 (full 0):
 PSYoungGen      total 140800K, used 140771K [0x00000000eab00000, 0x00000000f3f00000, 0x0000000100000000)
  eden space 130048K, 100% used [0x00000000eab00000,0x00000000f2a00000,0x00000000f2a00000)
  from space 10752K, 99% used [0x00000000f3480000,0x00000000f3ef8c28,0x00000000f3f00000)
  to   space 10752K, 0% used [0x00000000f2a00000,0x00000000f2a00000,0x00000000f3480000)
 ParOldGen       total 173568K, used 8957K [0x00000000c0000000, 0x00000000ca980000, 0x00000000eab00000)
  object space 173568K, 5% used [0x00000000c0000000,0x00000000c08bf468,0x00000000ca980000)
 Metaspace       used 6338K, capacity 7216K, committed 7296K, reserved 1056768K
  class space    used 594K, capacity 616K, committed 640K, reserved 1048576K
Event: 1.570 GC heap after
Heap after GC invocations=3 (full 0):
 PSYoungGen      total 140800K, used 10728K [0x00000000eab00000, 0x00000000fbe00000, 0x0000000100000000)
  eden space 130048K, 0% used [0x00000000eab00000,0x00000000eab00000,0x00000000f2a00000)
  from space 10752K, 99% used [0x00000000f2a00000,0x00000000f347a2c8,0x00000000f3480000)
  to   space 10752K, 0% used [0x00000000fb380000,0x00000000fb380000,0x00000000fbe00000)
 ParOldGen       total 173568K, used 28441K [0x00000000c0000000, 0x00000000ca980000, 0x00000000eab00000)
  object space 173568K, 16% used [0x00000000c0000000,0x00000000c1bc6780,0x00000000ca980000)
 Metaspace       used 6338K, capacity 7216K, committed 7296K, reserved 1056768K
  class space    used 594K, capacity 616K, committed 640K, reserved 1048576K
}
Event: 1.883 GC heap before
{Heap before GC invocations=4 (full 0):
 PSYoungGen      total 140800K, used 140776K [0x00000000eab00000, 0x00000000fbe00000, 0x0000000100000000)
  eden space 130048K, 100% used [0x00000000eab00000,0x00000000f2a00000,0x00000000f2a00000)
  from space 10752K, 99% used [0x00000000f2a00000,0x00000000f347a2c8,0x00000000f3480000)
  to   space 10752K, 0% used [0x00000000fb380000,0x00000000fb380000,0x00000000fbe00000)
 ParOldGen       total 173568K, used 28441K [0x00000000c0000000, 0x00000000ca980000, 0x00000000eab00000)
  object space 173568K, 16% used [0x00000000c0000000,0x00000000c1bc6780,0x00000000ca980000)
 Metaspace       used 6393K, capacity 7216K, committed 7296K, reserved 1056768K
  class space    used 595K, capacity 616K, committed 640K, reserved 1048576K
Event: 1.913 GC heap after
Heap after GC invocations=4 (full 0):
 PSYoungGen      total 270848K, used 10722K [0x00000000eab00000, 0x00000000fbe00000, 0x0000000100000000)
  eden space 260096K, 0% used [0x00000000eab00000,0x00000000eab00000,0x00000000fa900000)
  from space 10752K, 99% used [0x00000000fb380000,0x00000000fbdf8888,0x00000000fbe00000)
  to   space 10752K, 0% used [0x00000000fa900000,0x00000000fa900000,0x00000000fb380000)
 ParOldGen       total 173568K, used 48571K [0x00000000c0000000, 0x00000000ca980000, 0x00000000eab00000)
  object space 173568K, 27% used [0x00000000c0000000,0x00000000c2f6ed18,0x00000000ca980000)
 Metaspace       used 6393K, capacity 7216K, committed 7296K, reserved 1056768K
  class space    used 595K, capacity 616K, committed 640K, reserved 1048576K
}

Deoptimization events (10 events):
Event: 2.180 Thread 0x0000000019614000 Uncommon trap: reason=unstable_if action=reinterpret pc=0x0000000004b14020 method=com.android.dx.rop.code.RegisterSpecSet.<init>(I)V @ 2
Event: 2.324 Thread 0x0000000019640800 Uncommon trap: reason=class_check action=maybe_recompile pc=0x00000000050388b0 method=com.android.dx.cf.code.RopperMachine.run(Lcom/android/dx/cf/code/Frame;II)V @ 310
Event: 2.569 Thread 0x0000000019640800 Uncommon trap: reason=class_check action=maybe_recompile pc=0x00000000050388b0 method=com.android.dx.cf.code.RopperMachine.run(Lcom/android/dx/cf/code/Frame;II)V @ 310
Event: 2.782 Thread 0x0000000019614000 Uncommon trap: reason=unstable_if action=reinterpret pc=0x0000000004c5b200 method=com.android.dx.ssa.SsaMethod.getExitBlock()Lcom/android/dx/ssa/SsaBasicBlock; @ 4
Event: 2.782 Thread 0x0000000019614000 Uncommon trap: reason=unstable_if action=reinterpret pc=0x0000000004ad01f4 method=com.android.dx.ssa.SsaMethod.getExitBlock()Lcom/android/dx/ssa/SsaBasicBlock; @ 4
Event: 2.891 Thread 0x000000000467e800 Uncommon trap: reason=class_check action=maybe_recompile pc=0x0000000004bf5a98 method=java.util.Arrays.hashCode([Ljava/lang/Object;)I @ 43
Event: 2.891 Thread 0x000000000467e800 Uncommon trap: reason=class_check action=maybe_recompile pc=0x0000000004bf5a98 method=java.util.Arrays.hashCode([Ljava/lang/Object;)I @ 43
Event: 2.891 Thread 0x000000000467e800 Uncommon trap: reason=class_check action=maybe_recompile pc=0x0000000004bf5a98 method=java.util.Arrays.hashCode([Ljava/lang/Object;)I @ 43
Event: 2.891 Thread 0x000000000467e800 Uncommon trap: reason=class_check action=maybe_recompile pc=0x0000000004bf5a98 method=java.util.Arrays.hashCode([Ljava/lang/Object;)I @ 43
Event: 2.892 Thread 0x000000000467e800 Uncommon trap: reason=class_check action=maybe_recompile pc=0x0000000004bd54b8 method=java.util.Arrays.hashCode([Ljava/lang/Object;)I @ 43

Classes redefined (0 events):
No events

Internal exceptions (5 events):
Event: 0.095 Thread 0x000000000467e800 Exception <a 'java/lang/NoSuchMethodError': Method sun.misc.Unsafe.defineClass(Ljava/lang/String;[BII)Ljava/lang/Class; name or signature does not match> (0x00000000eab07ca8) thrown at [D:\src\AOSP-openjdk-cygwin\jdk8u\hotspot\src\share\vm\prims\jni.cpp, 
Event: 0.095 Thread 0x000000000467e800 Exception <a 'java/lang/NoSuchMethodError': Method sun.misc.Unsafe.prefetchRead(Ljava/lang/Object;J)V name or signature does not match> (0x00000000eab07f90) thrown at [D:\src\AOSP-openjdk-cygwin\jdk8u\hotspot\src\share\vm\prims\jni.cpp, line 4011]
Event: 0.871 Thread 0x000000000467e800 Exception <a 'java/lang/ArrayIndexOutOfBoundsException': 18> (0x00000000ed4c1c08) thrown at [D:\src\AOSP-openjdk-cygwin\jdk8u\hotspot\src\share\vm\interpreter\interpreterRuntime.cpp, line 366]
Event: 0.871 Thread 0x000000000467e800 Exception <a 'java/lang/ArrayIndexOutOfBoundsException': 145> (0x00000000ed4c3788) thrown at [D:\src\AOSP-openjdk-cygwin\jdk8u\hotspot\src\share\vm\interpreter\interpreterRuntime.cpp, line 366]
Event: 0.871 Thread 0x000000000467e800 Exception <a 'java/lang/ArrayIndexOutOfBoundsException': 40> (0x00000000ed874ce0) thrown at [D:\src\AOSP-openjdk-cygwin\jdk8u\hotspot\src\share\vm\interpreter\interpreterRuntime.cpp, line 366]

Events (10 events):
Event: 2.891 Thread 0x000000000467e800 DEOPT PACKING pc=0x0000000004bf5a98 sp=0x000000000465ee70
Event: 2.891 Thread 0x000000000467e800 DEOPT UNPACKING pc=0x00000000048c556a sp=0x000000000465eda0 mode 2
Event: 2.891 Thread 0x000000000467e800 Uncommon trap: trap_request=0xffffffde fr.pc=0x0000000004bf5a98
Event: 2.891 Thread 0x000000000467e800 DEOPT PACKING pc=0x0000000004bf5a98 sp=0x000000000465ee70
Event: 2.891 Thread 0x000000000467e800 DEOPT UNPACKING pc=0x00000000048c556a sp=0x000000000465eda0 mode 2
Event: 2.892 Thread 0x000000000467e800 Uncommon trap: trap_request=0xffffffde fr.pc=0x0000000004bd54b8
Event: 2.892 Thread 0x000000000467e800 DEOPT PACKING pc=0x0000000004bd54b8 sp=0x000000000465ee20
Event: 2.892 Thread 0x000000000467e800 DEOPT UNPACKING pc=0x00000000048c556a sp=0x000000000465eda8 mode 2
Event: 2.894 loading class com/android/dx/rop/cst/Zeroes
Event: 2.894 loading class com/android/dx/rop/cst/Zeroes done


Dynamic libraries:
0x00007ff716210000 - 0x00007ff716241000 	F:\Android\AndroidStudio\AndroidStudio\StudioInstall\jre\bin\java.exe
0x00007ffca7150000 - 0x00007ffca7330000 	C:\WINDOWS\SYSTEM32\ntdll.dll
0x00007ffca4620000 - 0x00007ffca46ce000 	C:\WINDOWS\System32\KERNEL32.DLL
0x00007ffca3eb0000 - 0x00007ffca4116000 	C:\WINDOWS\System32\KERNELBASE.dll
0x00007ffca6ca0000 - 0x00007ffca6d41000 	C:\WINDOWS\System32\ADVAPI32.dll
0x00007ffca4f30000 - 0x00007ffca4fcd000 	C:\WINDOWS\System32\msvcrt.dll
0x00007ffca6410000 - 0x00007ffca646b000 	C:\WINDOWS\System32\sechost.dll
0x00007ffca4af0000 - 0x00007ffca4c0f000 	C:\WINDOWS\System32\RPCRT4.dll
0x00007ffca47c0000 - 0x00007ffca494f000 	C:\WINDOWS\System32\USER32.dll
0x00007ffca4310000 - 0x00007ffca4330000 	C:\WINDOWS\System32\win32u.dll
0x00007ffca46d0000 - 0x00007ffca46f8000 	C:\WINDOWS\System32\GDI32.dll
0x00007ffca4120000 - 0x00007ffca42b3000 	C:\WINDOWS\System32\gdi32full.dll
0x00007ffca4580000 - 0x00007ffca461b000 	C:\WINDOWS\System32\msvcp_win.dll
0x00007ffca3db0000 - 0x00007ffca3ea6000 	C:\WINDOWS\System32\ucrtbase.dll
0x00007ffc98f20000 - 0x00007ffc99189000 	C:\WINDOWS\WinSxS\amd64_microsoft.windows.common-controls_6595b64144ccf1df_6.0.16299.248_none_15ced204935f55d7\COMCTL32.dll
0x00007ffca6920000 - 0x00007ffca6c28000 	C:\WINDOWS\System32\combase.dll
0x00007ffca4330000 - 0x00007ffca43a2000 	C:\WINDOWS\System32\bcryptPrimitives.dll
0x00007ffca4950000 - 0x00007ffca497d000 	C:\WINDOWS\System32\IMM32.DLL
0x00000000568d0000 - 0x00000000569a2000 	F:\Android\AndroidStudio\AndroidStudio\StudioInstall\jre\jre\bin\msvcr100.dll
0x00000000549a0000 - 0x00000000551de000 	F:\Android\AndroidStudio\AndroidStudio\StudioInstall\jre\jre\bin\server\jvm.dll
0x00007ffca47b0000 - 0x00007ffca47b8000 	C:\WINDOWS\System32\PSAPI.DLL
0x00007ffc9d1d0000 - 0x00007ffc9d1d9000 	C:\WINDOWS\SYSTEM32\WSOCK32.dll
0x00007ffca6c30000 - 0x00007ffca6c9c000 	C:\WINDOWS\System32\WS2_32.dll
0x00007ffca0540000 - 0x00007ffca0563000 	C:\WINDOWS\SYSTEM32\WINMM.dll
0x00007ffc9b220000 - 0x00007ffc9b22a000 	C:\WINDOWS\SYSTEM32\VERSION.dll
0x00007ffca0510000 - 0x00007ffca053a000 	C:\WINDOWS\SYSTEM32\WINMMBASE.dll
0x00007ffca42c0000 - 0x00007ffca430a000 	C:\WINDOWS\System32\cfgmgr32.dll
0x00007ffc93e80000 - 0x00007ffc93e8f000 	F:\Android\AndroidStudio\AndroidStudio\StudioInstall\jre\jre\bin\verify.dll
0x00007ffc86350000 - 0x00007ffc86379000 	F:\Android\AndroidStudio\AndroidStudio\StudioInstall\jre\jre\bin\java.dll
0x00007ffc91db0000 - 0x00007ffc91dc6000 	F:\Android\AndroidStudio\AndroidStudio\StudioInstall\jre\jre\bin\zip.dll
0x00007ffca4fd0000 - 0x00007ffca6406000 	C:\WINDOWS\System32\SHELL32.dll
0x00007ffca4700000 - 0x00007ffca47a6000 	C:\WINDOWS\System32\shcore.dll
0x00007ffca3660000 - 0x00007ffca3da7000 	C:\WINDOWS\System32\windows.storage.dll
0x00007ffca6ef0000 - 0x00007ffca6f41000 	C:\WINDOWS\System32\shlwapi.dll
0x00007ffca34f0000 - 0x00007ffca3501000 	C:\WINDOWS\System32\kernel.appcore.dll
0x00007ffca34a0000 - 0x00007ffca34ec000 	C:\WINDOWS\System32\powrprof.dll
0x00007ffca3510000 - 0x00007ffca352b000 	C:\WINDOWS\System32\profapi.dll

VM Arguments:
jvm_args: -Djava.awt.headless=true -Xmx1024M -Dfile.encoding=windows-1252 -Duser.country=US -Duser.language=en -Duser.variant 
java_command: com.android.dx.command.Main --dex --num-threads=4 --output F:\Mobilework\ReactNative\SimpleGeolocation\android\app\build\intermediates\pre-dexed\debug\com.facebook.react-react-native-0.54.0_cbfd16d7e3e85a4fd2984015db5deb431212029e.jar F:\Mobilework\ReactNative\SimpleGeolocation\android\app\build\intermediates\exploded-aar\com.facebook.react\react-native\0.54.0\jars\classes.jar
java_class_path (initial): F:\Android\AndroidStudio\AndroidStudio\StudioSDK\build-tools\23.0.1\lib\dx.jar
Launcher Type: SUN_STANDARD

Environment Variables:
JAVA_HOME=C:\Program Files\Java\jdk1.8.0_45
PATH=C:\ProgramData\Oracle\Java\javapath;C:\WINDOWS\system32;C:\WINDOWS;C:\WINDOWS\System32\Wbem;C:\WINDOWS\System32\WindowsPowerShell\v1.0\;C:\Program Files\Java\jdk1.8.0_45\bin;C:\Program Files\Git\cmd;C:\xampp\php;F:\Android\android-ndk-r14\bin;F:\Android\AndroidStudio\AndroidStudio\StudioInstall\gradle\gradle-3.2\bin;C:\Program Files\nodejs\;C:\Python27;C:\ProgramData\ComposerSetup\bin;D:\Xampps\xampp_7.1.11\php;F:\Android\Gradle\gradle-3.5\bin;C:\Program Files (x86)\GtkSharp\2.12\bin;C:\Program Files (x86)\Skype\Phone\;C:\Python27\Scripts;D:\GO\bin;C:\Program Files (x86)\Google\Cloud SDK\google-cloud-sdk\bin;F:\Mobilework\android\cocos2d-x-3.15.1\templates;F:\Mobilework\android\cocos2d-x-3.15.1\tools\cocos2d-console\bin;C:\Users\ASUS\AppData\Local\Microsoft\WindowsApps;C:\Users\ASUS\AppData\Roaming\npm;C:\Program Files\Microsoft VS Code\bin;C:\Users\ASUS\AppData\Roaming\Composer\vendor\bin;C:\Users\ASUS\AppData\Local\GitHubDesktop\bin;D:\GO\bin;
USERNAME=ASUS
OS=Windows_NT
PROCESSOR_IDENTIFIER=Intel64 Family 6 Model 94 Stepping 3, GenuineIntel



---------------  S Y S T E M  ---------------

OS: Windows 10.0 , 64 bit Build 16299 (10.0.16299.15)

CPU:total 8 (initial active 8) (4 cores per cpu, 2 threads per core) family 6 model 94 stepping 3, cmov, cx8, fxsr, mmx, sse, sse2, sse3, ssse3, sse4.1, sse4.2, popcnt, avx, avx2, aes, clmul, erms, rtm, 3dnowpref, lzcnt, ht, tsc, tscinvbit, bmi1, bmi2, adx

Memory: 4k page, physical 16639644k(444080k free), swap 27167672k(2400k free)

vm_info: OpenJDK 64-Bit Server VM (25.152-b01) for windows-amd64 JRE (1.8.0_152-release-915-b01), built by "builder" with MS VC++ 10.0 (VS2010)

time: Tue Mar 06 05:20:33 2018
elapsed time: 2 seconds (0d 0h 0m 2s)

