#
# There is insufficient memory for the Java Runtime Environment to continue.
# Native memory allocation (malloc) failed to allocate 275760 bytes for Chunk::new
# Possible reasons:
#   The system is out of physical RAM or swap space
#   In 32 bit mode, the process size limit was hit
# Possible solutions:
#   Reduce memory load on the system
#   Increase physical memory or swap space
#   Check if swap backing store is full
#   Use 64 bit Java on a 64 bit OS
#   Decrease Java heap size (-Xmx/-Xms)
#   Decrease number of Java threads
#   Decrease Java thread stack sizes (-Xss)
#   Set larger code cache with -XX:ReservedCodeCacheSize=
# This output file may be truncated or incomplete.
#
#  Out of Memory Error (allocation.cpp:390), pid=17128, tid=0x0000000000000350
#
# JRE version: OpenJDK Runtime Environment (8.0_152-b01) (build 1.8.0_152-release-915-b01)
# Java VM: OpenJDK 64-Bit Server VM (25.152-b01 mixed mode windows-amd64 compressed oops)
# Failed to write core dump. Minidumps are not enabled by default on client versions of Windows
#

---------------  T H R E A D  ---------------

Current thread (0x0000000017c8a000):  JavaThread "C2 CompilerThread2" daemon [_thread_in_native, id=848, stack(0x000000001a640000,0x000000001a740000)]

Stack: [0x000000001a640000,0x000000001a740000]
[error occurred during error reporting (printing stack bounds), id 0xc0000005]

Native frames: (J=compiled Java code, j=interpreted, Vv=VM code, C=native code)


Current CompileTask:
C2:    885 1164   !   4       com.android.dx.cf.code.BytecodeArray::parseInstruction (2764 bytes)


---------------  P R O C E S S  ---------------

Java Threads: ( => current thread )
  0x0000000019e9b000 JavaThread "pool-1-thread-4" [_thread_in_Java, id=21456, stack(0x000000001ae40000,0x000000001af40000)]
  0x0000000019ea3000 JavaThread "pool-1-thread-3" [_thread_in_Java, id=11620, stack(0x000000001ad40000,0x000000001ae40000)]
  0x0000000019e9a000 JavaThread "pool-1-thread-2" [_thread_in_Java, id=21680, stack(0x000000001ac40000,0x000000001ad40000)]
  0x0000000019e37000 JavaThread "pool-2-thread-1" [_thread_blocked, id=10188, stack(0x000000001ab40000,0x000000001ac40000)]
  0x0000000019e26800 JavaThread "pool-1-thread-1" [_thread_blocked, id=19888, stack(0x000000001aa40000,0x000000001ab40000)]
  0x0000000019c21000 JavaThread "Service Thread" daemon [_thread_blocked, id=7016, stack(0x000000001a840000,0x000000001a940000)]
  0x0000000019b8a000 JavaThread "C1 CompilerThread3" daemon [_thread_in_native, id=20080, stack(0x000000001a740000,0x000000001a840000)]
=>0x0000000017c8a000 JavaThread "C2 CompilerThread2" daemon [_thread_in_native, id=848, stack(0x000000001a640000,0x000000001a740000)]
  0x0000000019b82000 JavaThread "C2 CompilerThread1" daemon [_thread_in_native, id=18704, stack(0x000000001a540000,0x000000001a640000)]
  0x0000000019b7e000 JavaThread "C2 CompilerThread0" daemon [_thread_in_native, id=12340, stack(0x000000001a440000,0x000000001a540000)]
  0x0000000019b7c800 JavaThread "Attach Listener" daemon [_thread_blocked, id=8336, stack(0x000000001a340000,0x000000001a440000)]
  0x0000000019b79800 JavaThread "Signal Dispatcher" daemon [_thread_blocked, id=8160, stack(0x000000001a240000,0x000000001a340000)]
  0x0000000005159800 JavaThread "Finalizer" daemon [_thread_blocked, id=21488, stack(0x0000000019f50000,0x000000001a050000)]
  0x0000000005156000 JavaThread "Reference Handler" daemon [_thread_blocked, id=12512, stack(0x0000000019a50000,0x0000000019b50000)]
  0x000000000502e800 JavaThread "main" [_thread_in_vm, id=12136, stack(0x0000000004eb0000,0x0000000004fb0000)]

Other Threads:
  0x0000000017c75800 VMThread [stack: 0x0000000019950000,0x0000000019a50000] [id=7152]
  0x0000000019c22000 WatcherThread [stack: 0x000000001a940000,0x000000001aa40000] [id=16012]

VM state:not at safepoint (normal execution)

VM Mutex/Monitor currently owned by a thread: None

Heap:
 PSYoungGen      total 75776K, used 40316K [0x00000000eab00000, 0x00000000eff80000, 0x0000000100000000)
  eden space 65024K, 62% used [0x00000000eab00000,0x00000000ed25f290,0x00000000eea80000)
  from space 10752K, 0% used [0x00000000ef500000,0x00000000ef500000,0x00000000eff80000)
  to   space 10752K, 0% used [0x00000000eea80000,0x00000000eea80000,0x00000000ef500000)
 ParOldGen       total 173568K, used 0K [0x00000000c0000000, 0x00000000ca980000, 0x00000000eab00000)
  object space 173568K, 0% used [0x00000000c0000000,0x00000000c0000000,0x00000000ca980000)
 Metaspace       used 6104K, capacity 6960K, committed 7040K, reserved 1056768K
  class space    used 588K, capacity 616K, committed 640K, reserved 1048576K

Card table byte_map: [0x0000000014520000,0x0000000014730000] byte_map_base: 0x0000000013f20000

Marking Bits: (ParMarkBitMap*) 0x0000000055163950
 Begin Bits: [0x0000000015090000, 0x0000000016090000)
 End Bits:   [0x0000000016090000, 0x0000000017090000)

Polling page: 0x00000000036b0000

CodeCache: size=245760Kb used=4980Kb max_used=4980Kb free=240779Kb
 bounds [0x0000000005160000, 0x0000000005650000, 0x0000000014160000]
 total_blobs=1503 nmethods=1232 adapters=185
 compilation: enabled

Compilation events (10 events):
Event: 0.871 Thread 0x0000000019b8a000 nmethod 1220 0x0000000005620790 code [0x0000000005620980, 0x0000000005621198]
Event: 0.873 Thread 0x0000000019b8a000 1227       3       java.util.concurrent.locks.ReentrantLock$Sync::tryRelease (45 bytes)
Event: 0.873 Thread 0x0000000019b8a000 nmethod 1227 0x0000000005621650 code [0x00000000056217e0, 0x0000000005621d88]
Event: 0.873 Thread 0x0000000019b8a000 1228       3       com.android.dx.dex.file.EncodedMember::<init> (10 bytes)
Event: 0.873 Thread 0x0000000019b8a000 nmethod 1228 0x0000000005621ed0 code [0x0000000005622020, 0x00000000056221d0]
Event: 0.874 Thread 0x0000000019b8a000 1229   !   3       com.android.dx.cf.direct.StdAttributeFactory::parseLocalVariables (274 bytes)
Event: 0.877 Thread 0x0000000019b8a000 nmethod 1229 0x0000000005622290 code [0x0000000005622a00, 0x0000000005627ac8]
Event: 0.877 Thread 0x0000000019b8a000 1233       3       com.android.dx.cf.code.BytecodeArray::processWorkSet (50 bytes)
Event: 0.878 Thread 0x0000000019b8a000 nmethod 1233 0x000000000562d610 code [0x000000000562d7c0, 0x000000000562dd38]
Event: 0.878 Thread 0x0000000019b8a000 1235       3       com.android.dx.ssa.SCCP::<init> (142 bytes)

GC Heap History (0 events):
No events

Deoptimization events (7 events):
Event: 0.341 Thread 0x000000000502e800 Uncommon trap: reason=unstable_if action=reinterpret pc=0x00000000052bb214 method=java.lang.String.indexOf(II)I @ 49
Event: 0.576 Thread 0x0000000019ea3000 Uncommon trap: reason=class_check action=maybe_recompile pc=0x000000000539b230 method=com.android.dx.ssa.NormalSsaInsn.accept(Lcom/android/dx/ssa/SsaInsn$Visitor;)V @ 9
Event: 0.576 Thread 0x0000000019ea3000 Uncommon trap: reason=class_check action=maybe_recompile pc=0x000000000539b230 method=com.android.dx.ssa.NormalSsaInsn.accept(Lcom/android/dx/ssa/SsaInsn$Visitor;)V @ 9
Event: 0.576 Thread 0x0000000019ea3000 Uncommon trap: reason=class_check action=maybe_recompile pc=0x000000000539b230 method=com.android.dx.ssa.NormalSsaInsn.accept(Lcom/android/dx/ssa/SsaInsn$Visitor;)V @ 9
Event: 0.576 Thread 0x0000000019ea3000 Uncommon trap: reason=class_check action=maybe_recompile pc=0x000000000539b230 method=com.android.dx.ssa.NormalSsaInsn.accept(Lcom/android/dx/ssa/SsaInsn$Visitor;)V @ 9
Event: 0.576 Thread 0x0000000019ea3000 Uncommon trap: reason=class_check action=maybe_recompile pc=0x00000000053770b0 method=com.android.dx.ssa.NormalSsaInsn.accept(Lcom/android/dx/ssa/SsaInsn$Visitor;)V @ 9
Event: 0.583 Thread 0x0000000019e9a000 Uncommon trap: reason=null_check action=make_not_entrant pc=0x0000000005404068 method=com.android.dx.rop.type.Type.equals(Ljava/lang/Object;)Z @ 8

Classes redefined (0 events):
No events

Internal exceptions (3 events):
Event: 0.225 Thread 0x000000000502e800 Exception <a 'java/lang/NoSuchMethodError': Method sun.misc.Unsafe.defineClass(Ljava/lang/String;[BII)Ljava/lang/Class; name or signature does not match> (0x00000000eab07ca8) thrown at [D:\src\AOSP-openjdk-cygwin\jdk8u\hotspot\src\share\vm\prims\jni.cpp, 
Event: 0.225 Thread 0x000000000502e800 Exception <a 'java/lang/NoSuchMethodError': Method sun.misc.Unsafe.prefetchRead(Ljava/lang/Object;J)V name or signature does not match> (0x00000000eab07f90) thrown at [D:\src\AOSP-openjdk-cygwin\jdk8u\hotspot\src\share\vm\prims\jni.cpp, line 4011]
Event: 0.583 Thread 0x0000000019e9a000 Implicit null exception at 0x0000000005403f62 to 0x000000000540405a

Events (10 events):
Event: 0.603 loading class java/util/TreeMap$EntrySet
Event: 0.603 loading class java/util/TreeMap$EntrySet done
Event: 0.603 loading class java/util/TreeMap$EntryIterator
Event: 0.603 loading class java/util/TreeMap$EntryIterator done
Event: 0.635 loading class com/android/dx/cf/code/SwitchList
Event: 0.635 loading class com/android/dx/cf/code/SwitchList done
Event: 0.813 Executing VM operation: ForceSafepoint
Event: 0.814 Executing VM operation: ForceSafepoint done
Event: 0.827 loading class com/android/dx/cf/attrib/AttLocalVariableTypeTable
Event: 0.827 loading class com/android/dx/cf/attrib/AttLocalVariableTypeTable done


Dynamic libraries:
0x00007ff716210000 - 0x00007ff716241000 	F:\Android\AndroidStudio\AndroidStudio\StudioInstall\jre\bin\java.exe
0x00007ffca7150000 - 0x00007ffca7330000 	C:\WINDOWS\SYSTEM32\ntdll.dll
0x00007ffca4620000 - 0x00007ffca46ce000 	C:\WINDOWS\System32\KERNEL32.DLL
0x00007ffca3eb0000 - 0x00007ffca4116000 	C:\WINDOWS\System32\KERNELBASE.dll
0x00007ffca6ca0000 - 0x00007ffca6d41000 	C:\WINDOWS\System32\ADVAPI32.dll
0x00007ffca4f30000 - 0x00007ffca4fcd000 	C:\WINDOWS\System32\msvcrt.dll
0x00007ffca6410000 - 0x00007ffca646b000 	C:\WINDOWS\System32\sechost.dll
0x00007ffca4af0000 - 0x00007ffca4c0f000 	C:\WINDOWS\System32\RPCRT4.dll
0x00007ffca47c0000 - 0x00007ffca494f000 	C:\WINDOWS\System32\USER32.dll
0x00007ffca4310000 - 0x00007ffca4330000 	C:\WINDOWS\System32\win32u.dll
0x00007ffca46d0000 - 0x00007ffca46f8000 	C:\WINDOWS\System32\GDI32.dll
0x00007ffca4120000 - 0x00007ffca42b3000 	C:\WINDOWS\System32\gdi32full.dll
0x00007ffca4580000 - 0x00007ffca461b000 	C:\WINDOWS\System32\msvcp_win.dll
0x00007ffca3db0000 - 0x00007ffca3ea6000 	C:\WINDOWS\System32\ucrtbase.dll
0x00007ffc98f20000 - 0x00007ffc99189000 	C:\WINDOWS\WinSxS\amd64_microsoft.windows.common-controls_6595b64144ccf1df_6.0.16299.248_none_15ced204935f55d7\COMCTL32.dll
0x00007ffca6920000 - 0x00007ffca6c28000 	C:\WINDOWS\System32\combase.dll
0x00007ffca4330000 - 0x00007ffca43a2000 	C:\WINDOWS\System32\bcryptPrimitives.dll
0x00007ffca4950000 - 0x00007ffca497d000 	C:\WINDOWS\System32\IMM32.DLL
0x00000000568d0000 - 0x00000000569a2000 	F:\Android\AndroidStudio\AndroidStudio\StudioInstall\jre\jre\bin\msvcr100.dll
0x00000000549a0000 - 0x00000000551de000 	F:\Android\AndroidStudio\AndroidStudio\StudioInstall\jre\jre\bin\server\jvm.dll
0x00007ffca47b0000 - 0x00007ffca47b8000 	C:\WINDOWS\System32\PSAPI.DLL
0x00007ffca0540000 - 0x00007ffca0563000 	C:\WINDOWS\SYSTEM32\WINMM.dll
0x00007ffc9b220000 - 0x00007ffc9b22a000 	C:\WINDOWS\SYSTEM32\VERSION.dll
0x00007ffc9d1d0000 - 0x00007ffc9d1d9000 	C:\WINDOWS\SYSTEM32\WSOCK32.dll
0x00007ffca6c30000 - 0x00007ffca6c9c000 	C:\WINDOWS\System32\WS2_32.dll
0x00007ffca0510000 - 0x00007ffca053a000 	C:\WINDOWS\SYSTEM32\WINMMBASE.dll
0x00007ffca42c0000 - 0x00007ffca430a000 	C:\WINDOWS\System32\cfgmgr32.dll
0x00007ffc93e80000 - 0x00007ffc93e8f000 	F:\Android\AndroidStudio\AndroidStudio\StudioInstall\jre\jre\bin\verify.dll
0x00007ffc86350000 - 0x00007ffc86379000 	F:\Android\AndroidStudio\AndroidStudio\StudioInstall\jre\jre\bin\java.dll
0x00007ffc91db0000 - 0x00007ffc91dc6000 	F:\Android\AndroidStudio\AndroidStudio\StudioInstall\jre\jre\bin\zip.dll
0x00007ffca4fd0000 - 0x00007ffca6406000 	C:\WINDOWS\System32\SHELL32.dll
0x00007ffca4700000 - 0x00007ffca47a6000 	C:\WINDOWS\System32\shcore.dll
0x00007ffca3660000 - 0x00007ffca3da7000 	C:\WINDOWS\System32\windows.storage.dll
0x00007ffca6ef0000 - 0x00007ffca6f41000 	C:\WINDOWS\System32\shlwapi.dll
0x00007ffca34f0000 - 0x00007ffca3501000 	C:\WINDOWS\System32\kernel.appcore.dll
0x00007ffca34a0000 - 0x00007ffca34ec000 	C:\WINDOWS\System32\powrprof.dll
0x00007ffca3510000 - 0x00007ffca352b000 	C:\WINDOWS\System32\profapi.dll

VM Arguments:
jvm_args: -Djava.awt.headless=true -Xmx1024M -Dfile.encoding=windows-1252 -Duser.country=US -Duser.language=en -Duser.variant 
java_command: com.android.dx.command.Main --dex --num-threads=4 --output F:\Mobilework\ReactNative\SimpleGeolocation\android\app\build\intermediates\pre-dexed\debug\internal_impl-23.0.1_841d0fc96fbd076ee047c230813a38addc1c1151.jar F:\Mobilework\ReactNative\SimpleGeolocation\android\app\build\intermediates\exploded-aar\com.android.support\support-v4\23.0.1\jars\libs\internal_impl-23.0.1.jar
java_class_path (initial): F:\Android\AndroidStudio\AndroidStudio\StudioSDK\build-tools\23.0.1\lib\dx.jar
Launcher Type: SUN_STANDARD

Environment Variables:
JAVA_HOME=C:\Program Files\Java\jdk1.8.0_45
PATH=C:\ProgramData\Oracle\Java\javapath;C:\WINDOWS\system32;C:\WINDOWS;C:\WINDOWS\System32\Wbem;C:\WINDOWS\System32\WindowsPowerShell\v1.0\;C:\Program Files\Java\jdk1.8.0_45\bin;C:\Program Files\Git\cmd;C:\xampp\php;F:\Android\android-ndk-r14\bin;F:\Android\AndroidStudio\AndroidStudio\StudioInstall\gradle\gradle-3.2\bin;C:\Program Files\nodejs\;C:\Python27;C:\ProgramData\ComposerSetup\bin;D:\Xampps\xampp_7.1.11\php;F:\Android\Gradle\gradle-3.5\bin;C:\Program Files (x86)\GtkSharp\2.12\bin;C:\Program Files (x86)\Skype\Phone\;C:\Python27\Scripts;D:\GO\bin;C:\Program Files (x86)\Google\Cloud SDK\google-cloud-sdk\bin;F:\Mobilework\android\cocos2d-x-3.15.1\templates;F:\Mobilework\android\cocos2d-x-3.15.1\tools\cocos2d-console\bin;C:\Users\ASUS\AppData\Local\Microsoft\WindowsApps;C:\Users\ASUS\AppData\Roaming\npm;C:\Program Files\Microsoft VS Code\bin;C:\Users\ASUS\AppData\Roaming\Composer\vendor\bin;C:\Users\ASUS\AppData\Local\GitHubDesktop\bin;D:\GO\bin;
USERNAME=ASUS
OS=Windows_NT
PROCESSOR_IDENTIFIER=Intel64 Family 6 Model 94 Stepping 3, GenuineIntel



---------------  S Y S T E M  ---------------

OS: Windows 10.0 , 64 bit Build 16299 (10.0.16299.15)

CPU:total 8 (initial active 8) (4 cores per cpu, 2 threads per core) family 6 model 94 stepping 3, cmov, cx8, fxsr, mmx, sse, sse2, sse3, ssse3, sse4.1, sse4.2, popcnt, avx, avx2, aes, clmul, erms, rtm, 3dnowpref, lzcnt, ht, tsc, tscinvbit, bmi1, bmi2, adx

Memory: 4k page, physical 16639644k(745128k free), swap 27167672k(3288k free)

vm_info: OpenJDK 64-Bit Server VM (25.152-b01) for windows-amd64 JRE (1.8.0_152-release-915-b01), built by "builder" with MS VC++ 10.0 (VS2010)

time: Tue Mar 06 05:22:07 2018
elapsed time: 0 seconds (0d 0h 0m 0s)

