#
# There is insufficient memory for the Java Runtime Environment to continue.
# Native memory allocation (malloc) failed to allocate 1048576 bytes for AllocateHeap
# Possible reasons:
#   The system is out of physical RAM or swap space
#   In 32 bit mode, the process size limit was hit
# Possible solutions:
#   Reduce memory load on the system
#   Increase physical memory or swap space
#   Check if swap backing store is full
#   Use 64 bit Java on a 64 bit OS
#   Decrease Java heap size (-Xmx/-Xms)
#   Decrease number of Java threads
#   Decrease Java thread stack sizes (-Xss)
#   Set larger code cache with -XX:ReservedCodeCacheSize=
# This output file may be truncated or incomplete.
#
#  Out of Memory Error (memory/allocation.inline.hpp:61), pid=10352, tid=0x000000000000053c
#
# JRE version:  (8.0_152-b01) (build )
# Java VM: OpenJDK 64-Bit Server VM (25.152-b01 mixed mode windows-amd64 compressed oops)
# Failed to write core dump. Minidumps are not enabled by default on client versions of Windows
#

---------------  T H R E A D  ---------------

Current thread (0x000000000484e800):  JavaThread "Unknown thread" [_thread_in_vm, id=1340, stack(0x0000000004960000,0x0000000004a60000)]

Stack: [0x0000000004960000,0x0000000004a60000]
[error occurred during error reporting (printing stack bounds), id 0xc0000005]

Native frames: (J=compiled Java code, j=interpreted, Vv=VM code, C=native code)


---------------  P R O C E S S  ---------------

Java Threads: ( => current thread )

Other Threads:

=>0x000000000484e800 (exited) JavaThread "Unknown thread" [_thread_in_vm, id=1340, stack(0x0000000004960000,0x0000000004a60000)]

VM state:not at safepoint (normal execution)

VM Mutex/Monitor currently owned by a thread: None

Heap:
 PSYoungGen      total 75776K, used 1300K [0x00000000eab00000, 0x00000000eff80000, 0x0000000100000000)
  eden space 65024K, 2% used [0x00000000eab00000,0x00000000eac451f8,0x00000000eea80000)
  from space 10752K, 0% used [0x00000000ef500000,0x00000000ef500000,0x00000000eff80000)
  to   space 10752K, 0% used [0x00000000eea80000,0x00000000eea80000,0x00000000ef500000)
 ParOldGen       total 173568K, used 0K [0x00000000c0000000, 0x00000000ca980000, 0x00000000eab00000)
  object space 173568K, 0% used [0x00000000c0000000,0x00000000c0000000,0x00000000ca980000)
 Metaspace       used 772K, capacity 4480K, committed 4480K, reserved 1056768K
  class space    used 73K, capacity 384K, committed 384K, reserved 1048576K

Card table byte_map: [0x0000000013f20000,0x0000000014130000] byte_map_base: 0x0000000013920000

Marking Bits: (ParMarkBitMap*) 0x0000000055163950
 Begin Bits: [0x0000000014a90000, 0x0000000015a90000)
 End Bits:   [0x0000000015a90000, 0x0000000016a90000)

Polling page: 0x0000000002cd0000

CodeCache: size=245760Kb used=328Kb max_used=328Kb free=245431Kb
 bounds [0x0000000004b60000, 0x0000000004dd0000, 0x0000000013b60000]
 total_blobs=57 nmethods=0 adapters=38
 compilation: enabled

Compilation events (0 events):
No events

GC Heap History (0 events):
No events

Deoptimization events (0 events):
No events

Classes redefined (0 events):
No events

Internal exceptions (0 events):
No events

Events (10 events):
Event: 0.139 loading class java/lang/Short
Event: 0.139 loading class java/lang/Short done
Event: 0.139 loading class java/lang/Integer
Event: 0.139 loading class java/lang/Integer done
Event: 0.139 loading class java/lang/Long
Event: 0.139 loading class java/lang/Long done
Event: 0.141 loading class java/lang/NullPointerException
Event: 0.141 loading class java/lang/NullPointerException done
Event: 0.141 loading class java/lang/ArithmeticException
Event: 0.141 loading class java/lang/ArithmeticException done


Dynamic libraries:
0x00007ff716210000 - 0x00007ff716241000 	F:\Android\AndroidStudio\AndroidStudio\StudioInstall\jre\bin\java.exe
0x00007ffca7150000 - 0x00007ffca7330000 	C:\WINDOWS\SYSTEM32\ntdll.dll
0x00007ffca4620000 - 0x00007ffca46ce000 	C:\WINDOWS\System32\KERNEL32.DLL
0x00007ffca3eb0000 - 0x00007ffca4116000 	C:\WINDOWS\System32\KERNELBASE.dll
0x00007ffca6ca0000 - 0x00007ffca6d41000 	C:\WINDOWS\System32\ADVAPI32.dll
0x00007ffca4f30000 - 0x00007ffca4fcd000 	C:\WINDOWS\System32\msvcrt.dll
0x00007ffca6410000 - 0x00007ffca646b000 	C:\WINDOWS\System32\sechost.dll
0x00007ffca4af0000 - 0x00007ffca4c0f000 	C:\WINDOWS\System32\RPCRT4.dll
0x00007ffca47c0000 - 0x00007ffca494f000 	C:\WINDOWS\System32\USER32.dll
0x00007ffca4310000 - 0x00007ffca4330000 	C:\WINDOWS\System32\win32u.dll
0x00007ffca46d0000 - 0x00007ffca46f8000 	C:\WINDOWS\System32\GDI32.dll
0x00007ffca4120000 - 0x00007ffca42b3000 	C:\WINDOWS\System32\gdi32full.dll
0x00007ffca4580000 - 0x00007ffca461b000 	C:\WINDOWS\System32\msvcp_win.dll
0x00007ffca3db0000 - 0x00007ffca3ea6000 	C:\WINDOWS\System32\ucrtbase.dll
0x00007ffc98f20000 - 0x00007ffc99189000 	C:\WINDOWS\WinSxS\amd64_microsoft.windows.common-controls_6595b64144ccf1df_6.0.16299.248_none_15ced204935f55d7\COMCTL32.dll
0x00007ffca6920000 - 0x00007ffca6c28000 	C:\WINDOWS\System32\combase.dll
0x00007ffca4330000 - 0x00007ffca43a2000 	C:\WINDOWS\System32\bcryptPrimitives.dll
0x00007ffca4950000 - 0x00007ffca497d000 	C:\WINDOWS\System32\IMM32.DLL
0x00000000568d0000 - 0x00000000569a2000 	F:\Android\AndroidStudio\AndroidStudio\StudioInstall\jre\jre\bin\msvcr100.dll
0x00000000549a0000 - 0x00000000551de000 	F:\Android\AndroidStudio\AndroidStudio\StudioInstall\jre\jre\bin\server\jvm.dll
0x00007ffca47b0000 - 0x00007ffca47b8000 	C:\WINDOWS\System32\PSAPI.DLL
0x00007ffc9d1d0000 - 0x00007ffc9d1d9000 	C:\WINDOWS\SYSTEM32\WSOCK32.dll
0x00007ffca6c30000 - 0x00007ffca6c9c000 	C:\WINDOWS\System32\WS2_32.dll
0x00007ffca0540000 - 0x00007ffca0563000 	C:\WINDOWS\SYSTEM32\WINMM.dll
0x00007ffc9b220000 - 0x00007ffc9b22a000 	C:\WINDOWS\SYSTEM32\VERSION.dll
0x00007ffca0510000 - 0x00007ffca053a000 	C:\WINDOWS\SYSTEM32\WINMMBASE.dll
0x00007ffca42c0000 - 0x00007ffca430a000 	C:\WINDOWS\System32\cfgmgr32.dll
0x00007ffc93e80000 - 0x00007ffc93e8f000 	F:\Android\AndroidStudio\AndroidStudio\StudioInstall\jre\jre\bin\verify.dll
0x00007ffc86350000 - 0x00007ffc86379000 	F:\Android\AndroidStudio\AndroidStudio\StudioInstall\jre\jre\bin\java.dll
0x00007ffc91db0000 - 0x00007ffc91dc6000 	F:\Android\AndroidStudio\AndroidStudio\StudioInstall\jre\jre\bin\zip.dll

VM Arguments:
jvm_args: -Djava.awt.headless=true -Xmx1024M -Dfile.encoding=windows-1252 -Duser.country=US -Duser.language=en -Duser.variant 
java_command: com.android.dx.command.Main --dex --num-threads=4 --output F:\Mobilework\ReactNative\SimpleGeolocation\android\app\build\intermediates\pre-dexed\debug\com.android.support-support-v4-23.0.1_72fef3c51e53a7cc8db8c1893d6f2252dd2177b5.jar F:\Mobilework\ReactNative\SimpleGeolocation\android\app\build\intermediates\exploded-aar\com.android.support\support-v4\23.0.1\jars\classes.jar
java_class_path (initial): F:\Android\AndroidStudio\AndroidStudio\StudioSDK\build-tools\23.0.1\lib\dx.jar
Launcher Type: SUN_STANDARD

Environment Variables:
JAVA_HOME=C:\Program Files\Java\jdk1.8.0_45
PATH=C:\ProgramData\Oracle\Java\javapath;C:\WINDOWS\system32;C:\WINDOWS;C:\WINDOWS\System32\Wbem;C:\WINDOWS\System32\WindowsPowerShell\v1.0\;C:\Program Files\Java\jdk1.8.0_45\bin;C:\Program Files\Git\cmd;C:\xampp\php;F:\Android\android-ndk-r14\bin;F:\Android\AndroidStudio\AndroidStudio\StudioInstall\gradle\gradle-3.2\bin;C:\Program Files\nodejs\;C:\Python27;C:\ProgramData\ComposerSetup\bin;D:\Xampps\xampp_7.1.11\php;F:\Android\Gradle\gradle-3.5\bin;C:\Program Files (x86)\GtkSharp\2.12\bin;C:\Program Files (x86)\Skype\Phone\;C:\Python27\Scripts;D:\GO\bin;C:\Program Files (x86)\Google\Cloud SDK\google-cloud-sdk\bin;F:\Mobilework\android\cocos2d-x-3.15.1\templates;F:\Mobilework\android\cocos2d-x-3.15.1\tools\cocos2d-console\bin;C:\Users\ASUS\AppData\Local\Microsoft\WindowsApps;C:\Users\ASUS\AppData\Roaming\npm;C:\Program Files\Microsoft VS Code\bin;C:\Users\ASUS\AppData\Roaming\Composer\vendor\bin;C:\Users\ASUS\AppData\Local\GitHubDesktop\bin;D:\GO\bin;
USERNAME=ASUS
OS=Windows_NT
PROCESSOR_IDENTIFIER=Intel64 Family 6 Model 94 Stepping 3, GenuineIntel



---------------  S Y S T E M  ---------------

OS: Windows 10.0 , 64 bit Build 16299 (10.0.16299.15)

CPU:total 8 (initial active 8) (4 cores per cpu, 2 threads per core) family 6 model 94 stepping 3, cmov, cx8, fxsr, mmx, sse, sse2, sse3, ssse3, sse4.1, sse4.2, popcnt, avx, avx2, aes, clmul, erms, rtm, 3dnowpref, lzcnt, ht, tsc, tscinvbit, bmi1, bmi2, adx

Memory: 4k page, physical 16639644k(787044k free), swap 27167672k(3588k free)

vm_info: OpenJDK 64-Bit Server VM (25.152-b01) for windows-amd64 JRE (1.8.0_152-release-915-b01), built by "builder" with MS VC++ 10.0 (VS2010)

time: Tue Mar 06 05:20:28 2018
elapsed time: 0 seconds (0d 0h 0m 0s)

