#
# There is insufficient memory for the Java Runtime Environment to continue.
# Native memory allocation (malloc) failed to allocate 704496 bytes for Chunk::new
# Possible reasons:
#   The system is out of physical RAM or swap space
#   In 32 bit mode, the process size limit was hit
# Possible solutions:
#   Reduce memory load on the system
#   Increase physical memory or swap space
#   Check if swap backing store is full
#   Use 64 bit Java on a 64 bit OS
#   Decrease Java heap size (-Xmx/-Xms)
#   Decrease number of Java threads
#   Decrease Java thread stack sizes (-Xss)
#   Set larger code cache with -XX:ReservedCodeCacheSize=
# This output file may be truncated or incomplete.
#
#  Out of Memory Error (allocation.cpp:390), pid=18200, tid=0x0000000000004fd4
#
# JRE version: OpenJDK Runtime Environment (8.0_152-b01) (build 1.8.0_152-release-915-b01)
# Java VM: OpenJDK 64-Bit Server VM (25.152-b01 mixed mode windows-amd64 compressed oops)
# Failed to write core dump. Minidumps are not enabled by default on client versions of Windows
#

---------------  T H R E A D  ---------------

Current thread (0x0000000019360800):  JavaThread "C2 CompilerThread1" daemon [_thread_in_native, id=20436, stack(0x0000000019d20000,0x0000000019e20000)]

Stack: [0x0000000019d20000,0x0000000019e20000]
[error occurred during error reporting (printing stack bounds), id 0xc0000005]

Native frames: (J=compiled Java code, j=interpreted, Vv=VM code, C=native code)


Current CompileTask:
C2:   2657 1366       4       com.android.dx.ssa.LocalVariableExtractor::processBlock (383 bytes)


---------------  P R O C E S S  ---------------

Java Threads: ( => current thread )
  0x000000001945f000 JavaThread "pool-1-thread-4" [_thread_blocked, id=15060, stack(0x000000001a620000,0x000000001a720000)]
  0x000000001945e000 JavaThread "pool-1-thread-3" [_thread_in_Java, id=17252, stack(0x000000001a520000,0x000000001a620000)]
  0x00000000194ad800 JavaThread "pool-1-thread-2" [_thread_blocked, id=7444, stack(0x000000001a420000,0x000000001a520000)]
  0x000000001944a000 JavaThread "pool-2-thread-1" [_thread_blocked, id=10300, stack(0x000000001a320000,0x000000001a420000)]
  0x0000000019437000 JavaThread "pool-1-thread-1" [_thread_blocked, id=2000, stack(0x000000001a220000,0x000000001a320000)]
  0x000000001745e800 JavaThread "Service Thread" daemon [_thread_blocked, id=16940, stack(0x000000001a020000,0x000000001a120000)]
  0x000000001745d000 JavaThread "C1 CompilerThread3" daemon [_thread_blocked, id=2536, stack(0x0000000019f20000,0x000000001a020000)]
  0x000000001745a000 JavaThread "C2 CompilerThread2" daemon [_thread_in_native, id=15128, stack(0x0000000019e20000,0x0000000019f20000)]
=>0x0000000019360800 JavaThread "C2 CompilerThread1" daemon [_thread_in_native, id=20436, stack(0x0000000019d20000,0x0000000019e20000)]
  0x000000001935e800 JavaThread "C2 CompilerThread0" daemon [_thread_in_native, id=20040, stack(0x0000000019c20000,0x0000000019d20000)]
  0x000000001935d800 JavaThread "Attach Listener" daemon [_thread_blocked, id=15136, stack(0x0000000019b20000,0x0000000019c20000)]
  0x000000001935a800 JavaThread "Signal Dispatcher" daemon [_thread_blocked, id=8180, stack(0x0000000019a20000,0x0000000019b20000)]
  0x0000000004929800 JavaThread "Finalizer" daemon [_thread_blocked, id=11852, stack(0x0000000019730000,0x0000000019830000)]
  0x0000000004926000 JavaThread "Reference Handler" daemon [_thread_blocked, id=11140, stack(0x0000000019230000,0x0000000019330000)]
  0x0000000002c9e800 JavaThread "main" [_thread_in_Java, id=17492, stack(0x0000000004730000,0x0000000004830000)]

Other Threads:
  0x0000000017445800 VMThread [stack: 0x0000000019130000,0x0000000019230000] [id=1796]
  0x0000000019374800 WatcherThread [stack: 0x000000001a120000,0x000000001a220000] [id=13596]

VM state:not at safepoint (normal execution)

VM Mutex/Monitor currently owned by a thread: None

Heap:
 PSYoungGen      total 75776K, used 60974K [0x00000000eab00000, 0x00000000eff80000, 0x0000000100000000)
  eden space 65024K, 77% used [0x00000000eab00000,0x00000000edc0e888,0x00000000eea80000)
  from space 10752K, 99% used [0x00000000ef500000,0x00000000eff7d048,0x00000000eff80000)
  to   space 10752K, 0% used [0x00000000eea80000,0x00000000eea80000,0x00000000ef500000)
 ParOldGen       total 173568K, used 7088K [0x00000000c0000000, 0x00000000ca980000, 0x00000000eab00000)
  object space 173568K, 4% used [0x00000000c0000000,0x00000000c06ec348,0x00000000ca980000)
 Metaspace       used 6375K, capacity 7192K, committed 7424K, reserved 1056768K
  class space    used 609K, capacity 656K, committed 768K, reserved 1048576K

Card table byte_map: [0x0000000013cf0000,0x0000000013f00000] byte_map_base: 0x00000000136f0000

Marking Bits: (ParMarkBitMap*) 0x0000000055163950
 Begin Bits: [0x0000000014860000, 0x0000000015860000)
 End Bits:   [0x0000000015860000, 0x0000000016860000)

Polling page: 0x0000000002920000

CodeCache: size=245760Kb used=6965Kb max_used=6965Kb free=238794Kb
 bounds [0x0000000004930000, 0x0000000005010000, 0x0000000013930000]
 total_blobs=2019 nmethods=1750 adapters=182
 compilation: enabled

Compilation events (10 events):
Event: 2.256 Thread 0x000000001745d000 1478       3       com.android.dx.cf.direct.StdAttributeFactory::lineNumberTable (204 bytes)
Event: 2.258 Thread 0x000000001745d000 nmethod 1478 0x0000000004f4a190 code [0x0000000004f4a640, 0x0000000004f4d318]
Event: 2.259 Thread 0x000000001745d000 1479       3       java.util.concurrent.ThreadPoolExecutor::isRunning (10 bytes)
Event: 2.259 Thread 0x000000001745d000 nmethod 1479 0x0000000004f4f790 code [0x0000000004f4f8e0, 0x0000000004f4fa70]
Event: 2.259 Thread 0x000000001745d000 1480       3       com.android.dx.cf.direct.StdAttributeFactory::localVariableTable (98 bytes)
Event: 2.260 Thread 0x000000001745d000 nmethod 1480 0x0000000004f4fad0 code [0x0000000004f4fd80, 0x0000000004f50ed8]
Event: 2.261 Thread 0x000000001745d000 1481       3       com.android.dx.rop.cst.CstType::<init> (46 bytes)
Event: 2.261 Thread 0x000000001745d000 nmethod 1481 0x0000000004f51a90 code [0x0000000004f51c40, 0x0000000004f520d8]
Event: 2.261 Thread 0x000000001745d000 1482       3       java.util.concurrent.locks.ReentrantLock$Sync::tryRelease (45 bytes)
Event: 2.261 Thread 0x000000001745d000 nmethod 1482 0x0000000004f522d0 code [0x0000000004f52460, 0x0000000004f52a08]

GC Heap History (2 events):
Event: 2.051 GC heap before
{Heap before GC invocations=1 (full 0):
 PSYoungGen      total 75776K, used 65024K [0x00000000eab00000, 0x00000000eff80000, 0x0000000100000000)
  eden space 65024K, 100% used [0x00000000eab00000,0x00000000eea80000,0x00000000eea80000)
  from space 10752K, 0% used [0x00000000ef500000,0x00000000ef500000,0x00000000eff80000)
  to   space 10752K, 0% used [0x00000000eea80000,0x00000000eea80000,0x00000000ef500000)
 ParOldGen       total 173568K, used 0K [0x00000000c0000000, 0x00000000ca980000, 0x00000000eab00000)
  object space 173568K, 0% used [0x00000000c0000000,0x00000000c0000000,0x00000000ca980000)
 Metaspace       used 6166K, capacity 7028K, committed 7296K, reserved 1056768K
  class space    used 599K, capacity 620K, committed 640K, reserved 1048576K
Event: 2.190 GC heap after
Heap after GC invocations=1 (full 0):
 PSYoungGen      total 75776K, used 10731K [0x00000000eab00000, 0x00000000eff80000, 0x0000000100000000)
  eden space 65024K, 0% used [0x00000000eab00000,0x00000000eab00000,0x00000000eea80000)
  from space 10752K, 99% used [0x00000000eea80000,0x00000000ef4fac68,0x00000000ef500000)
  to   space 10752K, 0% used [0x00000000ef500000,0x00000000ef500000,0x00000000eff80000)
 ParOldGen       total 173568K, used 116K [0x00000000c0000000, 0x00000000ca980000, 0x00000000eab00000)
  object space 173568K, 0% used [0x00000000c0000000,0x00000000c001d1d0,0x00000000ca980000)
 Metaspace       used 6166K, capacity 7028K, committed 7296K, reserved 1056768K
  class space    used 599K, capacity 620K, committed 640K, reserved 1048576K
}

Deoptimization events (10 events):
Event: 1.756 Thread 0x0000000002c9e800 Uncommon trap: reason=unstable_if action=reinterpret pc=0x0000000004bf55a4 method=com.android.dx.rop.code.LocalItem.hashCode()I @ 25
Event: 2.018 Thread 0x0000000002c9e800 Uncommon trap: reason=bimorphic action=maybe_recompile pc=0x0000000004e526e8 method=com.android.dx.cf.code.BytecodeArray.parseInstruction(ILcom/android/dx/cf/code/BytecodeArray$Visitor;)I @ 2281
Event: 2.022 Thread 0x0000000002c9e800 Uncommon trap: reason=unstable_if action=reinterpret pc=0x0000000004e7a4d0 method=com.android.dx.ssa.SCCP.simulateStmt(Lcom/android/dx/ssa/SsaInsn;)V @ 53
Event: 2.042 Thread 0x0000000002c9e800 Uncommon trap: reason=unstable_if action=reinterpret pc=0x0000000004cd5bcc method=java.util.HashMap.putVal(ILjava/lang/Object;Ljava/lang/Object;ZZ)Ljava/lang/Object; @ 162
Event: 2.044 Thread 0x0000000002c9e800 Uncommon trap: reason=unstable_if action=reinterpret pc=0x0000000004cb4298 method=java.util.HashMap.getNode(ILjava/lang/Object;)Ljava/util/HashMap$Node; @ 84
Event: 2.219 Thread 0x000000001945f000 Uncommon trap: reason=unstable_if action=reinterpret pc=0x0000000004ef8918 method=com.android.dx.ssa.SCCP.simulateBranch(Lcom/android/dx/ssa/SsaInsn;)V @ 64
Event: 2.219 Thread 0x000000001945f000 Uncommon trap: reason=unstable_if action=reinterpret pc=0x0000000004e9d910 method=com.android.dx.ssa.LiteralOpUpgrader$1.visitNonMoveInsn(Lcom/android/dx/ssa/NormalSsaInsn;)V @ 55
Event: 2.220 Thread 0x000000001945f000 Uncommon trap: reason=unstable_if action=reinterpret pc=0x0000000004c44d1c method=com.android.dx.ssa.SsaMethod.updateOneDefinition(Lcom/android/dx/ssa/SsaInsn;Lcom/android/dx/rop/code/RegisterSpec;)V @ 4
Event: 2.229 Thread 0x000000001945f000 Uncommon trap: reason=bimorphic action=maybe_recompile pc=0x0000000004e53be8 method=com.android.dx.cf.code.BytecodeArray.parseInstruction(ILcom/android/dx/cf/code/BytecodeArray$Visitor;)I @ 1287
Event: 2.229 Thread 0x000000001945f000 Uncommon trap: reason=bimorphic action=maybe_recompile pc=0x0000000004e53be8 method=com.android.dx.cf.code.BytecodeArray.parseInstruction(ILcom/android/dx/cf/code/BytecodeArray$Visitor;)I @ 1287

Classes redefined (0 events):
No events

Internal exceptions (3 events):
Event: 0.437 Thread 0x0000000002c9e800 Exception <a 'java/lang/NoSuchMethodError': Method sun.misc.Unsafe.defineClass(Ljava/lang/String;[BII)Ljava/lang/Class; name or signature does not match> (0x00000000eab07ca8) thrown at [D:\src\AOSP-openjdk-cygwin\jdk8u\hotspot\src\share\vm\prims\jni.cpp, 
Event: 0.437 Thread 0x0000000002c9e800 Exception <a 'java/lang/NoSuchMethodError': Method sun.misc.Unsafe.prefetchRead(Ljava/lang/Object;J)V name or signature does not match> (0x00000000eab07f90) thrown at [D:\src\AOSP-openjdk-cygwin\jdk8u\hotspot\src\share\vm\prims\jni.cpp, line 4011]
Event: 2.043 Thread 0x0000000002c9e800 Exception <a 'java/lang/ArrayIndexOutOfBoundsException': 18> (0x00000000ee9392e0) thrown at [D:\src\AOSP-openjdk-cygwin\jdk8u\hotspot\src\share\vm\interpreter\interpreterRuntime.cpp, line 366]

Events (10 events):
Event: 2.219 loading class com/android/dx/rop/code/RegOps done
Event: 2.220 Thread 0x000000001945f000 Uncommon trap: trap_request=0xffffff65 fr.pc=0x0000000004c44d1c
Event: 2.220 Thread 0x000000001945f000 DEOPT PACKING pc=0x0000000004c44d1c sp=0x000000001a71e6c0
Event: 2.220 Thread 0x000000001945f000 DEOPT UNPACKING pc=0x000000000497556a sp=0x000000001a71e668 mode 2
Event: 2.229 Thread 0x000000001945f000 Uncommon trap: trap_request=0xffffffc6 fr.pc=0x0000000004e53be8
Event: 2.229 Thread 0x000000001945f000 DEOPT PACKING pc=0x0000000004e53be8 sp=0x000000001a71e740
Event: 2.229 Thread 0x000000001945f000 DEOPT UNPACKING pc=0x000000000497556a sp=0x000000001a71e6c8 mode 2
Event: 2.229 Thread 0x000000001945f000 Uncommon trap: trap_request=0xffffffc6 fr.pc=0x0000000004e53be8
Event: 2.229 Thread 0x000000001945f000 DEOPT PACKING pc=0x0000000004e53be8 sp=0x000000001a71e520
Event: 2.229 Thread 0x000000001945f000 DEOPT UNPACKING pc=0x000000000497556a sp=0x000000001a71e4a8 mode 2


Dynamic libraries:
0x00007ff716210000 - 0x00007ff716241000 	F:\Android\AndroidStudio\AndroidStudio\StudioInstall\jre\bin\java.exe
0x00007ffca7150000 - 0x00007ffca7330000 	C:\WINDOWS\SYSTEM32\ntdll.dll
0x00007ffca4620000 - 0x00007ffca46ce000 	C:\WINDOWS\System32\KERNEL32.DLL
0x00007ffca3eb0000 - 0x00007ffca4116000 	C:\WINDOWS\System32\KERNELBASE.dll
0x00007ffca6ca0000 - 0x00007ffca6d41000 	C:\WINDOWS\System32\ADVAPI32.dll
0x00007ffca4f30000 - 0x00007ffca4fcd000 	C:\WINDOWS\System32\msvcrt.dll
0x00007ffca6410000 - 0x00007ffca646b000 	C:\WINDOWS\System32\sechost.dll
0x00007ffca4af0000 - 0x00007ffca4c0f000 	C:\WINDOWS\System32\RPCRT4.dll
0x00007ffca47c0000 - 0x00007ffca494f000 	C:\WINDOWS\System32\USER32.dll
0x00007ffca4310000 - 0x00007ffca4330000 	C:\WINDOWS\System32\win32u.dll
0x00007ffca46d0000 - 0x00007ffca46f8000 	C:\WINDOWS\System32\GDI32.dll
0x00007ffca4120000 - 0x00007ffca42b3000 	C:\WINDOWS\System32\gdi32full.dll
0x00007ffca4580000 - 0x00007ffca461b000 	C:\WINDOWS\System32\msvcp_win.dll
0x00007ffca3db0000 - 0x00007ffca3ea6000 	C:\WINDOWS\System32\ucrtbase.dll
0x00007ffc98f20000 - 0x00007ffc99189000 	C:\WINDOWS\WinSxS\amd64_microsoft.windows.common-controls_6595b64144ccf1df_6.0.16299.248_none_15ced204935f55d7\COMCTL32.dll
0x00007ffca6920000 - 0x00007ffca6c28000 	C:\WINDOWS\System32\combase.dll
0x00007ffca4330000 - 0x00007ffca43a2000 	C:\WINDOWS\System32\bcryptPrimitives.dll
0x00007ffca4950000 - 0x00007ffca497d000 	C:\WINDOWS\System32\IMM32.DLL
0x00000000568d0000 - 0x00000000569a2000 	F:\Android\AndroidStudio\AndroidStudio\StudioInstall\jre\jre\bin\msvcr100.dll
0x00000000549a0000 - 0x00000000551de000 	F:\Android\AndroidStudio\AndroidStudio\StudioInstall\jre\jre\bin\server\jvm.dll
0x00007ffca47b0000 - 0x00007ffca47b8000 	C:\WINDOWS\System32\PSAPI.DLL
0x00007ffc9b220000 - 0x00007ffc9b22a000 	C:\WINDOWS\SYSTEM32\VERSION.dll
0x00007ffc9d1d0000 - 0x00007ffc9d1d9000 	C:\WINDOWS\SYSTEM32\WSOCK32.dll
0x00007ffca0540000 - 0x00007ffca0563000 	C:\WINDOWS\SYSTEM32\WINMM.dll
0x00007ffca6c30000 - 0x00007ffca6c9c000 	C:\WINDOWS\System32\WS2_32.dll
0x00007ffca0510000 - 0x00007ffca053a000 	C:\WINDOWS\SYSTEM32\WINMMBASE.dll
0x00007ffca42c0000 - 0x00007ffca430a000 	C:\WINDOWS\System32\cfgmgr32.dll
0x00007ffc93e80000 - 0x00007ffc93e8f000 	F:\Android\AndroidStudio\AndroidStudio\StudioInstall\jre\jre\bin\verify.dll
0x00007ffc86350000 - 0x00007ffc86379000 	F:\Android\AndroidStudio\AndroidStudio\StudioInstall\jre\jre\bin\java.dll
0x00007ffc91db0000 - 0x00007ffc91dc6000 	F:\Android\AndroidStudio\AndroidStudio\StudioInstall\jre\jre\bin\zip.dll
0x00007ffca4fd0000 - 0x00007ffca6406000 	C:\WINDOWS\System32\SHELL32.dll
0x00007ffca4700000 - 0x00007ffca47a6000 	C:\WINDOWS\System32\shcore.dll
0x00007ffca3660000 - 0x00007ffca3da7000 	C:\WINDOWS\System32\windows.storage.dll
0x00007ffca6ef0000 - 0x00007ffca6f41000 	C:\WINDOWS\System32\shlwapi.dll
0x00007ffca34f0000 - 0x00007ffca3501000 	C:\WINDOWS\System32\kernel.appcore.dll
0x00007ffca34a0000 - 0x00007ffca34ec000 	C:\WINDOWS\System32\powrprof.dll
0x00007ffca3510000 - 0x00007ffca352b000 	C:\WINDOWS\System32\profapi.dll

VM Arguments:
jvm_args: -Djava.awt.headless=true -Xmx1024M -Dfile.encoding=windows-1252 -Duser.country=US -Duser.language=en -Duser.variant 
java_command: com.android.dx.command.Main --dex --num-threads=4 --output F:\Mobilework\ReactNative\SimpleGeolocation\android\app\build\intermediates\pre-dexed\debug\com.android.support-support-v4-23.0.1_72fef3c51e53a7cc8db8c1893d6f2252dd2177b5.jar F:\Mobilework\ReactNative\SimpleGeolocation\android\app\build\intermediates\exploded-aar\com.android.support\support-v4\23.0.1\jars\classes.jar
java_class_path (initial): F:\Android\AndroidStudio\AndroidStudio\StudioSDK\build-tools\23.0.1\lib\dx.jar
Launcher Type: SUN_STANDARD

Environment Variables:
JAVA_HOME=C:\Program Files\Java\jdk1.8.0_45
PATH=C:\ProgramData\Oracle\Java\javapath;C:\WINDOWS\system32;C:\WINDOWS;C:\WINDOWS\System32\Wbem;C:\WINDOWS\System32\WindowsPowerShell\v1.0\;C:\Program Files\Java\jdk1.8.0_45\bin;C:\Program Files\Git\cmd;C:\xampp\php;F:\Android\android-ndk-r14\bin;F:\Android\AndroidStudio\AndroidStudio\StudioInstall\gradle\gradle-3.2\bin;C:\Program Files\nodejs\;C:\Python27;C:\ProgramData\ComposerSetup\bin;D:\Xampps\xampp_7.1.11\php;F:\Android\Gradle\gradle-3.5\bin;C:\Program Files (x86)\GtkSharp\2.12\bin;C:\Program Files (x86)\Skype\Phone\;C:\Python27\Scripts;D:\GO\bin;C:\Program Files (x86)\Google\Cloud SDK\google-cloud-sdk\bin;F:\Mobilework\android\cocos2d-x-3.15.1\templates;F:\Mobilework\android\cocos2d-x-3.15.1\tools\cocos2d-console\bin;C:\Users\ASUS\AppData\Local\Microsoft\WindowsApps;C:\Users\ASUS\AppData\Roaming\npm;C:\Program Files\Microsoft VS Code\bin;C:\Users\ASUS\AppData\Roaming\Composer\vendor\bin;C:\Users\ASUS\AppData\Local\GitHubDesktop\bin;D:\GO\bin;
USERNAME=ASUS
OS=Windows_NT
PROCESSOR_IDENTIFIER=Intel64 Family 6 Model 94 Stepping 3, GenuineIntel



---------------  S Y S T E M  ---------------

OS: Windows 10.0 , 64 bit Build 16299 (10.0.16299.15)

CPU:total 8 (initial active 8) (4 cores per cpu, 2 threads per core) family 6 model 94 stepping 3, cmov, cx8, fxsr, mmx, sse, sse2, sse3, ssse3, sse4.1, sse4.2, popcnt, avx, avx2, aes, clmul, erms, rtm, 3dnowpref, lzcnt, ht, tsc, tscinvbit, bmi1, bmi2, adx

Memory: 4k page, physical 16639644k(416340k free), swap 27167672k(2832k free)

vm_info: OpenJDK 64-Bit Server VM (25.152-b01) for windows-amd64 JRE (1.8.0_152-release-915-b01), built by "builder" with MS VC++ 10.0 (VS2010)

time: Tue Mar 06 05:22:02 2018
elapsed time: 2 seconds (0d 0h 0m 2s)

