#
# There is insufficient memory for the Java Runtime Environment to continue.
# Native memory allocation (malloc) failed to allocate 32784 bytes for Chunk::new
# Possible reasons:
#   The system is out of physical RAM or swap space
#   In 32 bit mode, the process size limit was hit
# Possible solutions:
#   Reduce memory load on the system
#   Increase physical memory or swap space
#   Check if swap backing store is full
#   Use 64 bit Java on a 64 bit OS
#   Decrease Java heap size (-Xmx/-Xms)
#   Decrease number of Java threads
#   Decrease Java thread stack sizes (-Xss)
#   Set larger code cache with -XX:ReservedCodeCacheSize=
# This output file may be truncated or incomplete.
#
#  Out of Memory Error (allocation.cpp:390), pid=16164, tid=0x00000000000015a0
#
# JRE version: OpenJDK Runtime Environment (8.0_152-b01) (build 1.8.0_152-release-915-b01)
# Java VM: OpenJDK 64-Bit Server VM (25.152-b01 mixed mode windows-amd64 compressed oops)
# Failed to write core dump. Minidumps are not enabled by default on client versions of Windows
#

---------------  T H R E A D  ---------------

Current thread (0x000000001706a000):  JavaThread "C2 CompilerThread1" daemon [_thread_in_native, id=5536, stack(0x0000000019910000,0x0000000019a10000)]

Stack: [0x0000000019910000,0x0000000019a10000]
[error occurred during error reporting (printing stack bounds), id 0xc0000005]

Native frames: (J=compiled Java code, j=interpreted, Vv=VM code, C=native code)


Current CompileTask:
C2:   1503  597       4       com.android.dx.ssa.SsaBasicBlock::forEachInsn (37 bytes)


---------------  P R O C E S S  ---------------

Java Threads: ( => current thread )
  0x0000000019219800 JavaThread "pool-1-thread-4" [_thread_in_Java, id=4940, stack(0x000000001a210000,0x000000001a310000)]
  0x0000000019210000 JavaThread "pool-1-thread-3" [_thread_in_Java, id=964, stack(0x000000001a110000,0x000000001a210000)]
  0x000000001920d800 JavaThread "pool-1-thread-2" [_thread_in_Java, id=12328, stack(0x000000001a010000,0x000000001a110000)]
  0x0000000019208800 JavaThread "pool-2-thread-1" [_thread_blocked, id=21176, stack(0x0000000019f10000,0x000000001a010000)]
  0x0000000019202800 JavaThread "pool-1-thread-1" [_thread_in_Java, id=10400, stack(0x0000000019e10000,0x0000000019f10000)]
  0x0000000018fb2800 JavaThread "Service Thread" daemon [_thread_blocked, id=17612, stack(0x0000000019c10000,0x0000000019d10000)]
  0x0000000018fad800 JavaThread "C1 CompilerThread3" daemon [_thread_in_native, id=7300, stack(0x0000000019b10000,0x0000000019c10000)]
  0x0000000018fa9800 JavaThread "C2 CompilerThread2" daemon [_thread_in_native, id=17060, stack(0x0000000019a10000,0x0000000019b10000)]
=>0x000000001706a000 JavaThread "C2 CompilerThread1" daemon [_thread_in_native, id=5536, stack(0x0000000019910000,0x0000000019a10000)]
  0x0000000018f4d800 JavaThread "C2 CompilerThread0" daemon [_thread_in_native, id=16536, stack(0x0000000019810000,0x0000000019910000)]
  0x0000000018f4c000 JavaThread "Attach Listener" daemon [_thread_blocked, id=22376, stack(0x0000000019710000,0x0000000019810000)]
  0x0000000018f49000 JavaThread "Signal Dispatcher" daemon [_thread_blocked, id=5260, stack(0x0000000019610000,0x0000000019710000)]
  0x0000000004539800 JavaThread "Finalizer" daemon [_thread_blocked, id=17516, stack(0x0000000019320000,0x0000000019420000)]
  0x0000000004536000 JavaThread "Reference Handler" daemon [_thread_blocked, id=3652, stack(0x0000000018e20000,0x0000000018f20000)]
  0x000000000443e800 JavaThread "main" [_thread_in_Java, id=13160, stack(0x0000000004100000,0x0000000004200000)]

Other Threads:
  0x0000000017055800 VMThread [stack: 0x0000000018d20000,0x0000000018e20000] [id=8528]
  0x0000000018fb3800 WatcherThread [stack: 0x0000000019d10000,0x0000000019e10000] [id=14816]

VM state:not at safepoint (normal execution)

VM Mutex/Monitor currently owned by a thread: None

Heap:
 PSYoungGen      total 75776K, used 35123K [0x00000000eab00000, 0x00000000eff80000, 0x0000000100000000)
  eden space 65024K, 54% used [0x00000000eab00000,0x00000000ecd4cee8,0x00000000eea80000)
  from space 10752K, 0% used [0x00000000ef500000,0x00000000ef500000,0x00000000eff80000)
  to   space 10752K, 0% used [0x00000000eea80000,0x00000000eea80000,0x00000000ef500000)
 ParOldGen       total 173568K, used 0K [0x00000000c0000000, 0x00000000ca980000, 0x00000000eab00000)
  object space 173568K, 0% used [0x00000000c0000000,0x00000000c0000000,0x00000000ca980000)
 Metaspace       used 5676K, capacity 6768K, committed 7040K, reserved 1056768K
  class space    used 573K, capacity 616K, committed 640K, reserved 1048576K

Card table byte_map: [0x0000000013900000,0x0000000013b10000] byte_map_base: 0x0000000013300000

Marking Bits: (ParMarkBitMap*) 0x0000000055163950
 Begin Bits: [0x0000000014470000, 0x0000000015470000)
 End Bits:   [0x0000000015470000, 0x0000000016470000)

Polling page: 0x0000000002680000

CodeCache: size=245760Kb used=2279Kb max_used=2290Kb free=243480Kb
 bounds [0x0000000004540000, 0x00000000047b0000, 0x0000000013540000]
 total_blobs=878 nmethods=616 adapters=176
 compilation: enabled

Compilation events (10 events):
Event: 1.343 Thread 0x0000000018fad800 nmethod 641 0x0000000004779c10 code [0x0000000004779d80, 0x0000000004779f08]
Event: 1.343 Thread 0x0000000018fad800  642       3       com.android.dx.cf.code.ByteOps::opInfo (6 bytes)
Event: 1.343 Thread 0x0000000018fad800 nmethod 642 0x0000000004779890 code [0x00000000047799e0, 0x0000000004779b30]
Event: 1.343 Thread 0x0000000018fad800  643   !   3       com.android.dx.cf.code.BytecodeArray::parseInstruction (2764 bytes)
Event: 1.343 Thread 0x0000000018fa9800 nmethod 635 0x0000000004779050 code [0x00000000047791a0, 0x0000000004779598]
Event: 1.343 Thread 0x0000000018fa9800  647       4       com.android.dx.rop.code.RegisterSpecList::get (9 bytes)
Event: 1.344 Thread 0x0000000018f4d800 nmethod 637 0x0000000004778a90 code [0x0000000004778be0, 0x0000000004778e58]
Event: 1.344 Thread 0x0000000018f4d800  649       4       java.util.ArrayList::ensureCapacityInternal (23 bytes)
Event: 1.344 Thread 0x0000000018fa9800 nmethod 647 0x000000000477a250 code [0x000000000477a3a0, 0x000000000477a478]
Event: 1.344 Thread 0x0000000018fa9800  650       4       java.util.HashMap::getNode (148 bytes)

GC Heap History (0 events):
No events

Deoptimization events (2 events):
Event: 1.309 Thread 0x0000000019219800 Uncommon trap: reason=unstable_if action=reinterpret pc=0x000000000473b130 method=java.util.BitSet.nextSetBit(I)I @ 87
Event: 1.314 Thread 0x0000000019219800 Uncommon trap: reason=unstable_if action=reinterpret pc=0x000000000473b764 method=java.util.HashMap.getNode(ILjava/lang/Object;)Ljava/util/HashMap$Node; @ 129

Classes redefined (0 events):
No events

Internal exceptions (2 events):
Event: 0.037 Thread 0x000000000443e800 Exception <a 'java/lang/NoSuchMethodError': Method sun.misc.Unsafe.defineClass(Ljava/lang/String;[BII)Ljava/lang/Class; name or signature does not match> (0x00000000eab07ca8) thrown at [D:\src\AOSP-openjdk-cygwin\jdk8u\hotspot\src\share\vm\prims\jni.cpp, 
Event: 0.037 Thread 0x000000000443e800 Exception <a 'java/lang/NoSuchMethodError': Method sun.misc.Unsafe.prefetchRead(Ljava/lang/Object;J)V name or signature does not match> (0x00000000eab07f90) thrown at [D:\src\AOSP-openjdk-cygwin\jdk8u\hotspot\src\share\vm\prims\jni.cpp, line 4011]

Events (10 events):
Event: 1.309 Thread 0x0000000019219800 DEOPT UNPACKING pc=0x000000000458556a sp=0x000000001a30e878 mode 2
Event: 1.314 Thread 0x0000000019219800 Uncommon trap: trap_request=0xffffff65 fr.pc=0x000000000473b764
Event: 1.314 Thread 0x0000000019219800 DEOPT PACKING pc=0x000000000473b764 sp=0x000000001a30e790
Event: 1.314 Thread 0x0000000019219800 DEOPT UNPACKING pc=0x000000000458556a sp=0x000000001a30e708 mode 2
Event: 1.315 loading class java/util/DualPivotQuicksort
Event: 1.315 loading class java/util/DualPivotQuicksort done
Event: 1.317 loading class com/android/dx/cf/attrib/AttEnclosingMethod
Event: 1.317 loading class com/android/dx/cf/attrib/AttEnclosingMethod done
Event: 1.320 loading class com/android/dx/cf/attrib/AttRuntimeInvisibleAnnotations
Event: 1.320 loading class com/android/dx/cf/attrib/AttRuntimeInvisibleAnnotations done


Dynamic libraries:
0x00007ff716210000 - 0x00007ff716241000 	F:\Android\AndroidStudio\AndroidStudio\StudioInstall\jre\bin\java.exe
0x00007ffca7150000 - 0x00007ffca7330000 	C:\WINDOWS\SYSTEM32\ntdll.dll
0x00007ffca4620000 - 0x00007ffca46ce000 	C:\WINDOWS\System32\KERNEL32.DLL
0x00007ffca3eb0000 - 0x00007ffca4116000 	C:\WINDOWS\System32\KERNELBASE.dll
0x00007ffca6ca0000 - 0x00007ffca6d41000 	C:\WINDOWS\System32\ADVAPI32.dll
0x00007ffca4f30000 - 0x00007ffca4fcd000 	C:\WINDOWS\System32\msvcrt.dll
0x00007ffca6410000 - 0x00007ffca646b000 	C:\WINDOWS\System32\sechost.dll
0x00007ffca4af0000 - 0x00007ffca4c0f000 	C:\WINDOWS\System32\RPCRT4.dll
0x00007ffca47c0000 - 0x00007ffca494f000 	C:\WINDOWS\System32\USER32.dll
0x00007ffca4310000 - 0x00007ffca4330000 	C:\WINDOWS\System32\win32u.dll
0x00007ffca46d0000 - 0x00007ffca46f8000 	C:\WINDOWS\System32\GDI32.dll
0x00007ffca4120000 - 0x00007ffca42b3000 	C:\WINDOWS\System32\gdi32full.dll
0x00007ffca4580000 - 0x00007ffca461b000 	C:\WINDOWS\System32\msvcp_win.dll
0x00007ffca3db0000 - 0x00007ffca3ea6000 	C:\WINDOWS\System32\ucrtbase.dll
0x00007ffc98f20000 - 0x00007ffc99189000 	C:\WINDOWS\WinSxS\amd64_microsoft.windows.common-controls_6595b64144ccf1df_6.0.16299.248_none_15ced204935f55d7\COMCTL32.dll
0x00007ffca6920000 - 0x00007ffca6c28000 	C:\WINDOWS\System32\combase.dll
0x00007ffca4330000 - 0x00007ffca43a2000 	C:\WINDOWS\System32\bcryptPrimitives.dll
0x00007ffca4950000 - 0x00007ffca497d000 	C:\WINDOWS\System32\IMM32.DLL
0x00000000568d0000 - 0x00000000569a2000 	F:\Android\AndroidStudio\AndroidStudio\StudioInstall\jre\jre\bin\msvcr100.dll
0x00000000549a0000 - 0x00000000551de000 	F:\Android\AndroidStudio\AndroidStudio\StudioInstall\jre\jre\bin\server\jvm.dll
0x00007ffca47b0000 - 0x00007ffca47b8000 	C:\WINDOWS\System32\PSAPI.DLL
0x00007ffc9d1d0000 - 0x00007ffc9d1d9000 	C:\WINDOWS\SYSTEM32\WSOCK32.dll
0x00007ffca6c30000 - 0x00007ffca6c9c000 	C:\WINDOWS\System32\WS2_32.dll
0x00007ffca0540000 - 0x00007ffca0563000 	C:\WINDOWS\SYSTEM32\WINMM.dll
0x00007ffc9b220000 - 0x00007ffc9b22a000 	C:\WINDOWS\SYSTEM32\VERSION.dll
0x00007ffca0510000 - 0x00007ffca053a000 	C:\WINDOWS\SYSTEM32\WINMMBASE.dll
0x00007ffca42c0000 - 0x00007ffca430a000 	C:\WINDOWS\System32\cfgmgr32.dll
0x00007ffc93e80000 - 0x00007ffc93e8f000 	F:\Android\AndroidStudio\AndroidStudio\StudioInstall\jre\jre\bin\verify.dll
0x00007ffc86350000 - 0x00007ffc86379000 	F:\Android\AndroidStudio\AndroidStudio\StudioInstall\jre\jre\bin\java.dll
0x00007ffc91db0000 - 0x00007ffc91dc6000 	F:\Android\AndroidStudio\AndroidStudio\StudioInstall\jre\jre\bin\zip.dll
0x00007ffca4fd0000 - 0x00007ffca6406000 	C:\WINDOWS\System32\SHELL32.dll
0x00007ffca4700000 - 0x00007ffca47a6000 	C:\WINDOWS\System32\shcore.dll
0x00007ffca3660000 - 0x00007ffca3da7000 	C:\WINDOWS\System32\windows.storage.dll
0x00007ffca6ef0000 - 0x00007ffca6f41000 	C:\WINDOWS\System32\shlwapi.dll
0x00007ffca34f0000 - 0x00007ffca3501000 	C:\WINDOWS\System32\kernel.appcore.dll
0x00007ffca34a0000 - 0x00007ffca34ec000 	C:\WINDOWS\System32\powrprof.dll
0x00007ffca3510000 - 0x00007ffca352b000 	C:\WINDOWS\System32\profapi.dll

VM Arguments:
jvm_args: -Djava.awt.headless=true -Xmx1024M -Dfile.encoding=windows-1252 -Duser.country=US -Duser.language=en -Duser.variant 
java_command: com.android.dx.command.Main --dex --num-threads=4 --output F:\Mobilework\ReactNative\SimpleGeolocation\android\app\build\intermediates\pre-dexed\debug\com.facebook.fresco-imagepipeline-base-1.3.0_dfb613761c72350284f2155a5b5158d7ca1c001d.jar F:\Mobilework\ReactNative\SimpleGeolocation\android\app\build\intermediates\exploded-aar\com.facebook.fresco\imagepipeline-base\1.3.0\jars\classes.jar
java_class_path (initial): F:\Android\AndroidStudio\AndroidStudio\StudioSDK\build-tools\23.0.1\lib\dx.jar
Launcher Type: SUN_STANDARD

Environment Variables:
JAVA_HOME=C:\Program Files\Java\jdk1.8.0_45
PATH=C:\ProgramData\Oracle\Java\javapath;C:\WINDOWS\system32;C:\WINDOWS;C:\WINDOWS\System32\Wbem;C:\WINDOWS\System32\WindowsPowerShell\v1.0\;C:\Program Files\Java\jdk1.8.0_45\bin;C:\Program Files\Git\cmd;C:\xampp\php;F:\Android\android-ndk-r14\bin;F:\Android\AndroidStudio\AndroidStudio\StudioInstall\gradle\gradle-3.2\bin;C:\Program Files\nodejs\;C:\Python27;C:\ProgramData\ComposerSetup\bin;D:\Xampps\xampp_7.1.11\php;F:\Android\Gradle\gradle-3.5\bin;C:\Program Files (x86)\GtkSharp\2.12\bin;C:\Program Files (x86)\Skype\Phone\;C:\Python27\Scripts;D:\GO\bin;C:\Program Files (x86)\Google\Cloud SDK\google-cloud-sdk\bin;F:\Mobilework\android\cocos2d-x-3.15.1\templates;F:\Mobilework\android\cocos2d-x-3.15.1\tools\cocos2d-console\bin;C:\Users\ASUS\AppData\Local\Microsoft\WindowsApps;C:\Users\ASUS\AppData\Roaming\npm;C:\Program Files\Microsoft VS Code\bin;C:\Users\ASUS\AppData\Roaming\Composer\vendor\bin;C:\Users\ASUS\AppData\Local\GitHubDesktop\bin;D:\GO\bin;
USERNAME=ASUS
OS=Windows_NT
PROCESSOR_IDENTIFIER=Intel64 Family 6 Model 94 Stepping 3, GenuineIntel



---------------  S Y S T E M  ---------------

OS: Windows 10.0 , 64 bit Build 16299 (10.0.16299.15)

CPU:total 8 (initial active 8) (4 cores per cpu, 2 threads per core) family 6 model 94 stepping 3, cmov, cx8, fxsr, mmx, sse, sse2, sse3, ssse3, sse4.1, sse4.2, popcnt, avx, avx2, aes, clmul, erms, rtm, 3dnowpref, lzcnt, ht, tsc, tscinvbit, bmi1, bmi2, adx

Memory: 4k page, physical 16639644k(414552k free), swap 27167672k(1808k free)

vm_info: OpenJDK 64-Bit Server VM (25.152-b01) for windows-amd64 JRE (1.8.0_152-release-915-b01), built by "builder" with MS VC++ 10.0 (VS2010)

time: Tue Mar 06 05:22:02 2018
elapsed time: 1 seconds (0d 0h 0m 1s)

