#
# There is insufficient memory for the Java Runtime Environment to continue.
# Native memory allocation (malloc) failed to allocate 32784 bytes for Chunk::new
# Possible reasons:
#   The system is out of physical RAM or swap space
#   In 32 bit mode, the process size limit was hit
# Possible solutions:
#   Reduce memory load on the system
#   Increase physical memory or swap space
#   Check if swap backing store is full
#   Use 64 bit Java on a 64 bit OS
#   Decrease Java heap size (-Xmx/-Xms)
#   Decrease number of Java threads
#   Decrease Java thread stack sizes (-Xss)
#   Set larger code cache with -XX:ReservedCodeCacheSize=
# This output file may be truncated or incomplete.
#
#  Out of Memory Error (allocation.cpp:390), pid=17192, tid=0x00000000000040f8
#
# JRE version: OpenJDK Runtime Environment (8.0_152-b01) (build 1.8.0_152-release-915-b01)
# Java VM: OpenJDK 64-Bit Server VM (25.152-b01 mixed mode windows-amd64 compressed oops)
# Failed to write core dump. Minidumps are not enabled by default on client versions of Windows
#

---------------  T H R E A D  ---------------

Current thread (0x00000000195d7000):  JavaThread "C2 CompilerThread2" daemon [_thread_in_native, id=16632, stack(0x000000001a040000,0x000000001a140000)]

Stack: [0x000000001a040000,0x000000001a140000]
[error occurred during error reporting (printing stack bounds), id 0xc0000005]

Native frames: (J=compiled Java code, j=interpreted, Vv=VM code, C=native code)


Current CompileTask:
C2:   1467  725   !   4       com.android.dx.rop.code.RegisterSpec::intern (70 bytes)


---------------  P R O C E S S  ---------------

Java Threads: ( => current thread )
  0x0000000019863000 JavaThread "pool-1-thread-4" [_thread_blocked, id=19356, stack(0x000000001a840000,0x000000001a940000)]
  0x0000000019860000 JavaThread "pool-1-thread-3" [_thread_in_Java, id=9196, stack(0x000000001a740000,0x000000001a840000)]
  0x000000001985b000 JavaThread "pool-1-thread-2" [_thread_blocked, id=19104, stack(0x000000001a640000,0x000000001a740000)]
  0x0000000019851000 JavaThread "pool-2-thread-1" [_thread_blocked, id=11192, stack(0x000000001a540000,0x000000001a640000)]
  0x000000001984e800 JavaThread "pool-1-thread-1" [_thread_in_Java, id=10652, stack(0x000000001a440000,0x000000001a540000)]
  0x00000000195f1800 JavaThread "Service Thread" daemon [_thread_blocked, id=19144, stack(0x000000001a240000,0x000000001a340000)]
  0x00000000195e2800 JavaThread "C1 CompilerThread3" daemon [_thread_blocked, id=21920, stack(0x000000001a140000,0x000000001a240000)]
=>0x00000000195d7000 JavaThread "C2 CompilerThread2" daemon [_thread_in_native, id=16632, stack(0x000000001a040000,0x000000001a140000)]
  0x0000000019580800 JavaThread "C2 CompilerThread1" daemon [_thread_in_native, id=11564, stack(0x0000000019f40000,0x000000001a040000)]
  0x000000001957e800 JavaThread "C2 CompilerThread0" daemon [_thread_blocked, id=13948, stack(0x0000000019e40000,0x0000000019f40000)]
  0x000000001957d000 JavaThread "Attach Listener" daemon [_thread_blocked, id=21632, stack(0x0000000019d40000,0x0000000019e40000)]
  0x000000001957a000 JavaThread "Signal Dispatcher" daemon [_thread_blocked, id=10128, stack(0x0000000019c40000,0x0000000019d40000)]
  0x0000000017671000 JavaThread "Finalizer" daemon [_thread_blocked, id=9296, stack(0x0000000019950000,0x0000000019a50000)]
  0x0000000004a58000 JavaThread "Reference Handler" daemon [_thread_blocked, id=21736, stack(0x0000000019450000,0x0000000019550000)]
  0x0000000004b4e800 JavaThread "main" [_thread_in_Java, id=11148, stack(0x0000000004770000,0x0000000004870000)]

Other Threads:
  0x0000000017665800 VMThread [stack: 0x0000000019350000,0x0000000019450000] [id=21544]
  0x00000000195e8000 WatcherThread [stack: 0x000000001a340000,0x000000001a440000] [id=20556]

VM state:not at safepoint (normal execution)

VM Mutex/Monitor currently owned by a thread: None

Heap:
 PSYoungGen      total 75776K, used 35971K [0x00000000eab00000, 0x00000000eff80000, 0x0000000100000000)
  eden space 65024K, 38% used [0x00000000eab00000,0x00000000ec3a5340,0x00000000eea80000)
  from space 10752K, 99% used [0x00000000eea80000,0x00000000ef4fb990,0x00000000ef500000)
  to   space 10752K, 0% used [0x00000000ef500000,0x00000000ef500000,0x00000000eff80000)
 ParOldGen       total 173568K, used 542K [0x00000000c0000000, 0x00000000ca980000, 0x00000000eab00000)
  object space 173568K, 0% used [0x00000000c0000000,0x00000000c0087860,0x00000000ca980000)
 Metaspace       used 6114K, capacity 7024K, committed 7296K, reserved 1056768K
  class space    used 587K, capacity 616K, committed 640K, reserved 1048576K

Card table byte_map: [0x0000000013f10000,0x0000000014120000] byte_map_base: 0x0000000013910000

Marking Bits: (ParMarkBitMap*) 0x0000000055163950
 Begin Bits: [0x0000000014a80000, 0x0000000015a80000)
 End Bits:   [0x0000000015a80000, 0x0000000016a80000)

Polling page: 0x0000000002f60000

CodeCache: size=245760Kb used=3242Kb max_used=3258Kb free=242518Kb
 bounds [0x0000000004b50000, 0x0000000004e90000, 0x0000000013b50000]
 total_blobs=1077 nmethods=808 adapters=182
 compilation: disabled (not enough contiguous free space left)

Compilation events (10 events):
Event: 1.075 Thread 0x00000000195d7000  721  s    4       java.util.Stack::pop (19 bytes)
Event: 1.077 Thread 0x000000001957e800 nmethod 720 0x0000000004df8710 code [0x0000000004df8860, 0x0000000004df8ad8]
Event: 1.077 Thread 0x0000000019580800 nmethod 719 0x0000000004df7ed0 code [0x0000000004df8020, 0x0000000004df8418]
Event: 1.078 Thread 0x00000000195d7000 nmethod 721 0x0000000004df77d0 code [0x0000000004df7920, 0x0000000004df7c18]
Event: 1.080 Thread 0x000000001957e800  723       4       com.android.dx.rop.cst.CstString::utf8BytesToString (391 bytes)
Event: 1.080 Thread 0x0000000019580800  724       4       com.android.dx.util.ByteArray::getUnsignedShort (25 bytes)
Event: 1.081 Thread 0x00000000195d7000  725   !   4       com.android.dx.rop.code.RegisterSpec::intern (70 bytes)
Event: 1.081 Thread 0x0000000019580800 nmethod 724 0x0000000004df72d0 code [0x0000000004df7420, 0x0000000004df7578]
Event: 1.082 Thread 0x0000000019580800  726  s    4       java.util.Vector::add (39 bytes)
Event: 1.084 Thread 0x0000000019580800 nmethod 726 0x0000000004e0d610 code [0x0000000004e0d760, 0x0000000004e0db28]

GC Heap History (0 events):
No events

Deoptimization events (1 events):
Event: 0.730 Thread 0x0000000004b4e800 Uncommon trap: reason=unstable_if action=reinterpret pc=0x0000000004cade54 method=java.lang.String.indexOf(II)I @ 49

Classes redefined (0 events):
No events

Internal exceptions (2 events):
Event: 0.389 Thread 0x0000000004b4e800 Exception <a 'java/lang/NoSuchMethodError': Method sun.misc.Unsafe.defineClass(Ljava/lang/String;[BII)Ljava/lang/Class; name or signature does not match> (0x00000000eab07ca8) thrown at [D:\src\AOSP-openjdk-cygwin\jdk8u\hotspot\src\share\vm\prims\jni.cpp, 
Event: 0.389 Thread 0x0000000004b4e800 Exception <a 'java/lang/NoSuchMethodError': Method sun.misc.Unsafe.prefetchRead(Ljava/lang/Object;J)V name or signature does not match> (0x00000000eab07f90) thrown at [D:\src\AOSP-openjdk-cygwin\jdk8u\hotspot\src\share\vm\prims\jni.cpp, line 4011]

Events (10 events):
Event: 0.905 loading class com/android/dx/cf/code/Ropper$ExceptionHandlerSetup
Event: 0.905 loading class com/android/dx/cf/code/Ropper$ExceptionHandlerSetup done
Event: 0.908 loading class java/util/HashMap$Values
Event: 0.908 loading class java/util/HashMap$Values done
Event: 0.908 loading class java/util/HashMap$ValueIterator
Event: 0.908 loading class java/util/HashMap$ValueIterator done
Event: 1.080 loading class com/android/dx/cf/code/BytecodeArray$ConstantParserVisitor
Event: 1.080 loading class com/android/dx/cf/code/BytecodeArray$ConstantParserVisitor done
Event: 1.081 Executing VM operation: ForceSafepoint
Event: 1.081 Executing VM operation: ForceSafepoint done


Dynamic libraries:
0x00007ff716210000 - 0x00007ff716241000 	F:\Android\AndroidStudio\AndroidStudio\StudioInstall\jre\bin\java.exe
0x00007ffca7150000 - 0x00007ffca7330000 	C:\WINDOWS\SYSTEM32\ntdll.dll
0x00007ffca4620000 - 0x00007ffca46ce000 	C:\WINDOWS\System32\KERNEL32.DLL
0x00007ffca3eb0000 - 0x00007ffca4116000 	C:\WINDOWS\System32\KERNELBASE.dll
0x00007ffca6ca0000 - 0x00007ffca6d41000 	C:\WINDOWS\System32\ADVAPI32.dll
0x00007ffca4f30000 - 0x00007ffca4fcd000 	C:\WINDOWS\System32\msvcrt.dll
0x00007ffca6410000 - 0x00007ffca646b000 	C:\WINDOWS\System32\sechost.dll
0x00007ffca4af0000 - 0x00007ffca4c0f000 	C:\WINDOWS\System32\RPCRT4.dll
0x00007ffca47c0000 - 0x00007ffca494f000 	C:\WINDOWS\System32\USER32.dll
0x00007ffca4310000 - 0x00007ffca4330000 	C:\WINDOWS\System32\win32u.dll
0x00007ffca46d0000 - 0x00007ffca46f8000 	C:\WINDOWS\System32\GDI32.dll
0x00007ffca4120000 - 0x00007ffca42b3000 	C:\WINDOWS\System32\gdi32full.dll
0x00007ffca4580000 - 0x00007ffca461b000 	C:\WINDOWS\System32\msvcp_win.dll
0x00007ffca3db0000 - 0x00007ffca3ea6000 	C:\WINDOWS\System32\ucrtbase.dll
0x00007ffc98f20000 - 0x00007ffc99189000 	C:\WINDOWS\WinSxS\amd64_microsoft.windows.common-controls_6595b64144ccf1df_6.0.16299.248_none_15ced204935f55d7\COMCTL32.dll
0x00007ffca6920000 - 0x00007ffca6c28000 	C:\WINDOWS\System32\combase.dll
0x00007ffca4330000 - 0x00007ffca43a2000 	C:\WINDOWS\System32\bcryptPrimitives.dll
0x00007ffca4950000 - 0x00007ffca497d000 	C:\WINDOWS\System32\IMM32.DLL
0x00000000568d0000 - 0x00000000569a2000 	F:\Android\AndroidStudio\AndroidStudio\StudioInstall\jre\jre\bin\msvcr100.dll
0x00000000549a0000 - 0x00000000551de000 	F:\Android\AndroidStudio\AndroidStudio\StudioInstall\jre\jre\bin\server\jvm.dll
0x00007ffca47b0000 - 0x00007ffca47b8000 	C:\WINDOWS\System32\PSAPI.DLL
0x00007ffc9d1d0000 - 0x00007ffc9d1d9000 	C:\WINDOWS\SYSTEM32\WSOCK32.dll
0x00007ffca6c30000 - 0x00007ffca6c9c000 	C:\WINDOWS\System32\WS2_32.dll
0x00007ffca0540000 - 0x00007ffca0563000 	C:\WINDOWS\SYSTEM32\WINMM.dll
0x00007ffca0510000 - 0x00007ffca053a000 	C:\WINDOWS\SYSTEM32\WINMMBASE.dll
0x00007ffca42c0000 - 0x00007ffca430a000 	C:\WINDOWS\System32\cfgmgr32.dll
0x00007ffc9b220000 - 0x00007ffc9b22a000 	C:\WINDOWS\SYSTEM32\VERSION.dll
0x00007ffc93e80000 - 0x00007ffc93e8f000 	F:\Android\AndroidStudio\AndroidStudio\StudioInstall\jre\jre\bin\verify.dll
0x00007ffc86350000 - 0x00007ffc86379000 	F:\Android\AndroidStudio\AndroidStudio\StudioInstall\jre\jre\bin\java.dll
0x00007ffc91db0000 - 0x00007ffc91dc6000 	F:\Android\AndroidStudio\AndroidStudio\StudioInstall\jre\jre\bin\zip.dll
0x00007ffca4fd0000 - 0x00007ffca6406000 	C:\WINDOWS\System32\SHELL32.dll
0x00007ffca4700000 - 0x00007ffca47a6000 	C:\WINDOWS\System32\shcore.dll
0x00007ffca3660000 - 0x00007ffca3da7000 	C:\WINDOWS\System32\windows.storage.dll
0x00007ffca6ef0000 - 0x00007ffca6f41000 	C:\WINDOWS\System32\shlwapi.dll
0x00007ffca34f0000 - 0x00007ffca3501000 	C:\WINDOWS\System32\kernel.appcore.dll
0x00007ffca34a0000 - 0x00007ffca34ec000 	C:\WINDOWS\System32\powrprof.dll
0x00007ffca3510000 - 0x00007ffca352b000 	C:\WINDOWS\System32\profapi.dll

VM Arguments:
jvm_args: -Djava.awt.headless=true -Xmx1024M -Dfile.encoding=windows-1252 -Duser.country=US -Duser.language=en -Duser.variant 
java_command: com.android.dx.command.Main --dex --num-threads=4 --output F:\Mobilework\ReactNative\SimpleGeolocation\android\app\build\intermediates\pre-dexed\debug\internal_impl-23.0.1_841d0fc96fbd076ee047c230813a38addc1c1151.jar F:\Mobilework\ReactNative\SimpleGeolocation\android\app\build\intermediates\exploded-aar\com.android.support\support-v4\23.0.1\jars\libs\internal_impl-23.0.1.jar
java_class_path (initial): F:\Android\AndroidStudio\AndroidStudio\StudioSDK\build-tools\23.0.1\lib\dx.jar
Launcher Type: SUN_STANDARD

Environment Variables:
JAVA_HOME=C:\Program Files\Java\jdk1.8.0_45
PATH=C:\ProgramData\Oracle\Java\javapath;C:\WINDOWS\system32;C:\WINDOWS;C:\WINDOWS\System32\Wbem;C:\WINDOWS\System32\WindowsPowerShell\v1.0\;C:\Program Files\Java\jdk1.8.0_45\bin;C:\Program Files\Git\cmd;C:\xampp\php;F:\Android\android-ndk-r14\bin;F:\Android\AndroidStudio\AndroidStudio\StudioInstall\gradle\gradle-3.2\bin;C:\Program Files\nodejs\;C:\Python27;C:\ProgramData\ComposerSetup\bin;D:\Xampps\xampp_7.1.11\php;F:\Android\Gradle\gradle-3.5\bin;C:\Program Files (x86)\GtkSharp\2.12\bin;C:\Program Files (x86)\Skype\Phone\;C:\Python27\Scripts;D:\GO\bin;C:\Program Files (x86)\Google\Cloud SDK\google-cloud-sdk\bin;F:\Mobilework\android\cocos2d-x-3.15.1\templates;F:\Mobilework\android\cocos2d-x-3.15.1\tools\cocos2d-console\bin;C:\Users\ASUS\AppData\Local\Microsoft\WindowsApps;C:\Users\ASUS\AppData\Roaming\npm;C:\Program Files\Microsoft VS Code\bin;C:\Users\ASUS\AppData\Roaming\Composer\vendor\bin;C:\Users\ASUS\AppData\Local\GitHubDesktop\bin;D:\GO\bin;
USERNAME=ASUS
OS=Windows_NT
PROCESSOR_IDENTIFIER=Intel64 Family 6 Model 94 Stepping 3, GenuineIntel



---------------  S Y S T E M  ---------------

OS: Windows 10.0 , 64 bit Build 16299 (10.0.16299.15)

CPU:total 8 (initial active 8) (4 cores per cpu, 2 threads per core) family 6 model 94 stepping 3, cmov, cx8, fxsr, mmx, sse, sse2, sse3, ssse3, sse4.1, sse4.2, popcnt, avx, avx2, aes, clmul, erms, rtm, 3dnowpref, lzcnt, ht, tsc, tscinvbit, bmi1, bmi2, adx

Memory: 4k page, physical 16639644k(662012k free), swap 27167672k(343792k free)

vm_info: OpenJDK 64-Bit Server VM (25.152-b01) for windows-amd64 JRE (1.8.0_152-release-915-b01), built by "builder" with MS VC++ 10.0 (VS2010)

time: Tue Mar 06 05:20:36 2018
elapsed time: 1 seconds (0d 0h 0m 1s)

